{"level":"info","message":"::1 - - [06/Oct/2025:17:30:42 +0000] \"GET /api HTTP/1.1\" 200 182 \"-\" \"PostmanRuntime/7.48.0\"","service":"odoclone-API","timestamp":"2025-10-06T17:30:42.198Z"}
{"level":"info","message":"::1 - - [06/Oct/2025:17:37:25 +0000] \"POST /api/devis/ HTTP/1.1\" 404 150 \"-\" \"PostmanRuntime/7.48.0\"","service":"odoclone-API","timestamp":"2025-10-06T17:37:25.100Z"}
{"level":"info","message":"::1 - - [06/Oct/2025:17:38:14 +0000] \"POST /api/devis/ HTTP/1.1\" 404 150 \"-\" \"PostmanRuntime/7.48.0\"","service":"odoclone-API","timestamp":"2025-10-06T17:38:14.477Z"}
{"level":"info","message":"::1 - - [06/Oct/2025:17:38:20 +0000] \"GET /api/devis/ HTTP/1.1\" 500 66 \"-\" \"PostmanRuntime/7.48.0\"","service":"odoclone-API","timestamp":"2025-10-06T17:38:20.307Z"}
{"level":"info","message":"::1 - - [06/Oct/2025:17:38:52 +0000] \"GET /api/devis/ HTTP/1.1\" 500 72 \"-\" \"PostmanRuntime/7.48.0\"","service":"odoclone-API","timestamp":"2025-10-06T17:38:52.007Z"}
{"errorCode":"VALIDATION_ERROR","level":"error","message":"Error while fetching devis Il n'y a aucun devis dans notre base de données!","service":"odoclone-API","stack":"Error: Il n'y a aucun devis dans notre base de données!\n    at getDevises (file:///C:/Users/PC%20SERVICE%20TECHNIQUE/Documents/MEGA/LABDEV/OdoClone/backend/src/services/devis/getAllDevis.service.js:12:13)\n    at async file:///C:/Users/PC%20SERVICE%20TECHNIQUE/Documents/MEGA/LABDEV/OdoClone/backend/src/controllers/devis.controller.js:29:21\n    at async file:///C:/Users/PC%20SERVICE%20TECHNIQUE/Documents/MEGA/LABDEV/OdoClone/backend/src/middlewares/asyncHandler.middleware.js:3:5","statusCode":400,"timestamp":"2025-10-06T17:40:08.882Z"}
{"level":"info","message":"::1 - - [06/Oct/2025:17:40:08 +0000] \"GET /api/devis/ HTTP/1.1\" 400 90 \"-\" \"PostmanRuntime/7.48.0\"","service":"odoclone-API","timestamp":"2025-10-06T17:40:08.892Z"}
{"level":"info","message":"::1 - - [06/Oct/2025:17:42:48 +0000] \"POST /api/devis/ HTTP/1.1\" 404 150 \"-\" \"PostmanRuntime/7.48.0\"","service":"odoclone-API","timestamp":"2025-10-06T17:42:48.475Z"}
{"level":"info","message":"::1 - - [06/Oct/2025:17:44:13 +0000] \"POST /api/devis/iuiuiuiuiuiuiuiui HTTP/1.1\" 404 167 \"-\" \"PostmanRuntime/7.48.0\"","service":"odoclone-API","timestamp":"2025-10-06T17:44:13.276Z"}
{"level":"error","message":"Error creating the devis: Error: Ce client n'existe pas dans notre base de données","service":"odoclone-API","timestamp":"2025-10-06T17:44:41.941Z"}
{"level":"info","message":"::1 - - [06/Oct/2025:17:44:41 +0000] \"POST /api/devis/create/iuiuiuiuiuiuiuiui HTTP/1.1\" 400 91 \"-\" \"PostmanRuntime/7.48.0\"","service":"odoclone-API","timestamp":"2025-10-06T17:44:41.943Z"}
{"level":"error","message":"Error creating the client: Error: Ce client n'existe pas dans notre base de données!","service":"odoclone-API","timestamp":"2025-10-06T17:44:54.783Z"}
{"level":"info","message":"::1 - - [06/Oct/2025:17:44:54 +0000] \"GET /api/client/0199b3f4-388b-7481-8b3e-ea1fcadbb401 HTTP/1.1\" 404 94 \"-\" \"PostmanRuntime/7.48.0\"","service":"odoclone-API","timestamp":"2025-10-06T17:44:54.787Z"}
{"level":"error","message":"Error creating the client: Error: Il n'y a aucun client dans notre base de données!","service":"odoclone-API","timestamp":"2025-10-06T17:44:59.796Z"}
{"level":"info","message":"::1 - - [06/Oct/2025:17:44:59 +0000] \"GET /api/client/ HTTP/1.1\" 404 93 \"-\" \"PostmanRuntime/7.48.0\"","service":"odoclone-API","timestamp":"2025-10-06T17:44:59.798Z"}
{"level":"info","message":"Client CL-764748 created successfully","service":"odoclone-API","timestamp":"2025-10-06T17:45:09.825Z"}
{"level":"info","message":"::1 - - [06/Oct/2025:17:45:09 +0000] \"POST /api/client/create HTTP/1.1\" 201 342 \"-\" \"PostmanRuntime/7.48.0\"","service":"odoclone-API","timestamp":"2025-10-06T17:45:09.827Z"}
{"level":"info","message":"Devis created successfully","service":"odoclone-API","timestamp":"2025-10-06T17:45:48.476Z"}
{"level":"info","message":"::1 - - [06/Oct/2025:17:45:48 +0000] \"POST /api/devis/create/0199baa0-93ab-7d43-acbb-0bb2e98a6a6c HTTP/1.1\" 500 102 \"-\" \"PostmanRuntime/7.48.0\"","service":"odoclone-API","timestamp":"2025-10-06T17:45:48.478Z"}
{"level":"error","message":"Error creating the devis: ReferenceError: num is not defined","service":"odoclone-API","timestamp":"2025-10-06T17:49:55.218Z"}
{"level":"info","message":"::1 - - [06/Oct/2025:17:49:55 +0000] \"POST /api/devis/create/0199baa0-93ab-7d43-acbb-0bb2e98a6a6c HTTP/1.1\" 500 64 \"-\" \"PostmanRuntime/7.48.0\"","service":"odoclone-API","timestamp":"2025-10-06T17:49:55.225Z"}
{"level":"info","message":"Devis created successfully","service":"odoclone-API","timestamp":"2025-10-06T17:51:57.323Z"}
{"level":"info","message":"::1 - - [06/Oct/2025:17:51:57 +0000] \"POST /api/devis/create/0199baa0-93ab-7d43-acbb-0bb2e98a6a6c HTTP/1.1\" 500 102 \"-\" \"PostmanRuntime/7.48.0\"","service":"odoclone-API","timestamp":"2025-10-06T17:51:57.325Z"}
{"level":"info","message":"Devis created successfully","service":"odoclone-API","timestamp":"2025-10-06T18:00:44.617Z"}
{"level":"info","message":"::1 - - [06/Oct/2025:18:00:44 +0000] \"POST /api/devis/create/0199baa0-93ab-7d43-acbb-0bb2e98a6a6c HTTP/1.1\" 500 102 \"-\" \"PostmanRuntime/7.48.0\"","service":"odoclone-API","timestamp":"2025-10-06T18:00:44.625Z"}
{"level":"error","message":"Error creating the devis: ReferenceError: num is not defined","service":"odoclone-API","timestamp":"2025-10-06T18:01:14.604Z"}
{"level":"info","message":"::1 - - [06/Oct/2025:18:01:14 +0000] \"POST /api/devis/create/0199baa0-93ab-7d43-acbb-0bb2e98a6a6c HTTP/1.1\" 500 64 \"-\" \"PostmanRuntime/7.48.0\"","service":"odoclone-API","timestamp":"2025-10-06T18:01:14.612Z"}
{"level":"error","message":"Error creating the devis: ReferenceError: lasFact is not defined","service":"odoclone-API","timestamp":"2025-10-06T18:01:57.076Z"}
{"level":"info","message":"::1 - - [06/Oct/2025:18:01:57 +0000] \"POST /api/devis/create/0199baa0-93ab-7d43-acbb-0bb2e98a6a6c HTTP/1.1\" 500 68 \"-\" \"PostmanRuntime/7.48.0\"","service":"odoclone-API","timestamp":"2025-10-06T18:01:57.083Z"}
{"level":"info","message":"Devis created successfully","service":"odoclone-API","timestamp":"2025-10-06T18:02:45.603Z"}
{"level":"info","message":"::1 - - [06/Oct/2025:18:02:45 +0000] \"POST /api/devis/create/0199baa0-93ab-7d43-acbb-0bb2e98a6a6c HTTP/1.1\" 500 102 \"-\" \"PostmanRuntime/7.48.0\"","service":"odoclone-API","timestamp":"2025-10-06T18:02:45.611Z"}
{"level":"info","message":"Devis created successfully","service":"odoclone-API","timestamp":"2025-10-06T18:02:55.934Z"}
{"level":"info","message":"::1 - - [06/Oct/2025:18:02:55 +0000] \"POST /api/devis/create/0199baa0-93ab-7d43-acbb-0bb2e98a6a6c HTTP/1.1\" 500 102 \"-\" \"PostmanRuntime/7.48.0\"","service":"odoclone-API","timestamp":"2025-10-06T18:02:55.936Z"}
{"level":"info","message":"Devis created successfully","service":"odoclone-API","timestamp":"2025-10-06T18:03:36.802Z"}
{"level":"info","message":"::1 - - [06/Oct/2025:18:03:36 +0000] \"POST /api/devis/create/0199baa0-93ab-7d43-acbb-0bb2e98a6a6c HTTP/1.1\" 500 102 \"-\" \"PostmanRuntime/7.48.0\"","service":"odoclone-API","timestamp":"2025-10-06T18:03:36.804Z"}
{"level":"info","message":"Devis created successfully","service":"odoclone-API","timestamp":"2025-10-06T18:03:40.295Z"}
{"level":"info","message":"::1 - - [06/Oct/2025:18:03:40 +0000] \"POST /api/devis/create/0199baa0-93ab-7d43-acbb-0bb2e98a6a6c HTTP/1.1\" 500 102 \"-\" \"PostmanRuntime/7.48.0\"","service":"odoclone-API","timestamp":"2025-10-06T18:03:40.296Z"}
{"level":"info","message":"Devis created successfully","service":"odoclone-API","timestamp":"2025-10-06T18:03:41.653Z"}
{"level":"info","message":"::1 - - [06/Oct/2025:18:03:41 +0000] \"POST /api/devis/create/0199baa0-93ab-7d43-acbb-0bb2e98a6a6c HTTP/1.1\" 500 102 \"-\" \"PostmanRuntime/7.48.0\"","service":"odoclone-API","timestamp":"2025-10-06T18:03:41.654Z"}
{"level":"info","message":"Devis created successfully","service":"odoclone-API","timestamp":"2025-10-06T18:06:38.790Z"}
{"level":"info","message":"::1 - - [06/Oct/2025:18:06:38 +0000] \"POST /api/devis/create/0199baa0-93ab-7d43-acbb-0bb2e98a6a6c HTTP/1.1\" 500 102 \"-\" \"PostmanRuntime/7.48.0\"","service":"odoclone-API","timestamp":"2025-10-06T18:06:38.800Z"}
{"level":"info","message":"Devis created successfully","service":"odoclone-API","timestamp":"2025-10-06T18:06:40.503Z"}
{"level":"info","message":"::1 - - [06/Oct/2025:18:06:40 +0000] \"POST /api/devis/create/0199baa0-93ab-7d43-acbb-0bb2e98a6a6c HTTP/1.1\" 500 102 \"-\" \"PostmanRuntime/7.48.0\"","service":"odoclone-API","timestamp":"2025-10-06T18:06:40.504Z"}
{"level":"info","message":"Devis created successfully","service":"odoclone-API","timestamp":"2025-10-06T18:12:59.099Z"}
{"level":"info","message":"::1 - - [06/Oct/2025:18:12:59 +0000] \"POST /api/devis/create/0199baa0-93ab-7d43-acbb-0bb2e98a6a6c HTTP/1.1\" 500 102 \"-\" \"PostmanRuntime/7.48.0\"","service":"odoclone-API","timestamp":"2025-10-06T18:12:59.107Z"}
{"level":"info","message":"Devis created successfully","service":"odoclone-API","timestamp":"2025-10-06T18:14:49.913Z"}
{"level":"info","message":"::1 - - [06/Oct/2025:18:14:49 +0000] \"POST /api/devis/create/0199baa0-93ab-7d43-acbb-0bb2e98a6a6c HTTP/1.1\" 500 102 \"-\" \"PostmanRuntime/7.48.0\"","service":"odoclone-API","timestamp":"2025-10-06T18:14:49.915Z"}
{"level":"info","message":"Devis created successfully","service":"odoclone-API","timestamp":"2025-10-06T18:14:51.739Z"}
{"level":"info","message":"::1 - - [06/Oct/2025:18:14:51 +0000] \"POST /api/devis/create/0199baa0-93ab-7d43-acbb-0bb2e98a6a6c HTTP/1.1\" 500 102 \"-\" \"PostmanRuntime/7.48.0\"","service":"odoclone-API","timestamp":"2025-10-06T18:14:51.741Z"}
{"level":"info","message":"Devis created successfully","service":"odoclone-API","timestamp":"2025-10-06T18:14:53.308Z"}
{"level":"info","message":"::1 - - [06/Oct/2025:18:14:53 +0000] \"POST /api/devis/create/0199baa0-93ab-7d43-acbb-0bb2e98a6a6c HTTP/1.1\" 500 102 \"-\" \"PostmanRuntime/7.48.0\"","service":"odoclone-API","timestamp":"2025-10-06T18:14:53.309Z"}
{"level":"info","message":"Devis created successfully","service":"odoclone-API","timestamp":"2025-10-06T18:17:04.932Z"}
{"level":"info","message":"::1 - - [06/Oct/2025:18:17:04 +0000] \"POST /api/devis/create/0199baa0-93ab-7d43-acbb-0bb2e98a6a6c HTTP/1.1\" 201 324 \"-\" \"PostmanRuntime/7.48.0\"","service":"odoclone-API","timestamp":"2025-10-06T18:17:04.940Z"}
{"level":"info","message":"Devis created successfully","service":"odoclone-API","timestamp":"2025-10-06T18:19:29.828Z"}
{"level":"info","message":"::1 - - [06/Oct/2025:18:19:29 +0000] \"POST /api/devis/create/0199baa0-93ab-7d43-acbb-0bb2e98a6a6c HTTP/1.1\" 500 102 \"-\" \"PostmanRuntime/7.48.0\"","service":"odoclone-API","timestamp":"2025-10-06T18:19:29.835Z"}
{"level":"info","message":"Devis created successfully","service":"odoclone-API","timestamp":"2025-10-06T18:19:48.420Z"}
{"level":"info","message":"::1 - - [06/Oct/2025:18:19:48 +0000] \"POST /api/devis/create/0199baa0-93ab-7d43-acbb-0bb2e98a6a6c HTTP/1.1\" 201 324 \"-\" \"PostmanRuntime/7.48.0\"","service":"odoclone-API","timestamp":"2025-10-06T18:19:48.428Z"}
{"level":"info","message":"Devis created successfully","service":"odoclone-API","timestamp":"2025-10-06T18:21:25.889Z"}
{"level":"info","message":"::1 - - [06/Oct/2025:18:21:25 +0000] \"POST /api/devis/create/0199baa0-93ab-7d43-acbb-0bb2e98a6a6c HTTP/1.1\" 201 324 \"-\" \"PostmanRuntime/7.48.0\"","service":"odoclone-API","timestamp":"2025-10-06T18:21:25.891Z"}
{"level":"info","message":"Devis created successfully","service":"odoclone-API","timestamp":"2025-10-06T18:21:27.354Z"}
{"level":"info","message":"::1 - - [06/Oct/2025:18:21:27 +0000] \"POST /api/devis/create/0199baa0-93ab-7d43-acbb-0bb2e98a6a6c HTTP/1.1\" 201 324 \"-\" \"PostmanRuntime/7.48.0\"","service":"odoclone-API","timestamp":"2025-10-06T18:21:27.356Z"}
{"level":"info","message":"Devis created successfully","service":"odoclone-API","timestamp":"2025-10-06T18:21:38.514Z"}
{"level":"info","message":"::1 - - [06/Oct/2025:18:21:38 +0000] \"POST /api/devis/create/0199baa0-93ab-7d43-acbb-0bb2e98a6a6c HTTP/1.1\" 201 328 \"-\" \"PostmanRuntime/7.48.0\"","service":"odoclone-API","timestamp":"2025-10-06T18:21:38.521Z"}
{"level":"info","message":"Devis created successfully","service":"odoclone-API","timestamp":"2025-10-06T18:21:42.933Z"}
{"level":"info","message":"::1 - - [06/Oct/2025:18:21:42 +0000] \"POST /api/devis/create/0199baa0-93ab-7d43-acbb-0bb2e98a6a6c HTTP/1.1\" 201 328 \"-\" \"PostmanRuntime/7.48.0\"","service":"odoclone-API","timestamp":"2025-10-06T18:21:42.935Z"}
{"level":"info","message":"Devis created successfully","service":"odoclone-API","timestamp":"2025-10-06T18:22:00.617Z"}
{"level":"info","message":"::1 - - [06/Oct/2025:18:22:00 +0000] \"POST /api/devis/create/0199baa0-93ab-7d43-acbb-0bb2e98a6a6c HTTP/1.1\" 201 330 \"-\" \"PostmanRuntime/7.48.0\"","service":"odoclone-API","timestamp":"2025-10-06T18:22:00.625Z"}
{"level":"info","message":"Devis created successfully","service":"odoclone-API","timestamp":"2025-10-06T18:22:03.999Z"}
{"level":"info","message":"::1 - - [06/Oct/2025:18:22:04 +0000] \"POST /api/devis/create/0199baa0-93ab-7d43-acbb-0bb2e98a6a6c HTTP/1.1\" 201 330 \"-\" \"PostmanRuntime/7.48.0\"","service":"odoclone-API","timestamp":"2025-10-06T18:22:04.002Z"}
{"level":"info","message":"Devis created successfully","service":"odoclone-API","timestamp":"2025-10-06T18:22:05.671Z"}
{"level":"info","message":"::1 - - [06/Oct/2025:18:22:05 +0000] \"POST /api/devis/create/0199baa0-93ab-7d43-acbb-0bb2e98a6a6c HTTP/1.1\" 201 330 \"-\" \"PostmanRuntime/7.48.0\"","service":"odoclone-API","timestamp":"2025-10-06T18:22:05.673Z"}
{"level":"info","message":"Devis 0199bac2-6366-7530-905d-2444971b04c2 was deleted successfully","service":"odoclone-API","timestamp":"2025-10-06T18:27:26.687Z"}
{"level":"info","message":"::1 - - [06/Oct/2025:18:27:26 +0000] \"DELETE /api/devis/delete/0199bac2-6366-7530-905d-2444971b04c2 HTTP/1.1\" 200 53 \"-\" \"PostmanRuntime/7.48.0\"","service":"odoclone-API","timestamp":"2025-10-06T18:27:26.698Z"}
{"level":"info","message":"Devis created successfully","service":"odoclone-API","timestamp":"2025-10-06T18:59:27.593Z"}
{"level":"info","message":"::1 - - [06/Oct/2025:18:59:27 +0000] \"POST /api/devis/create/0199baa0-93ab-7d43-acbb-0bb2e98a6a6c HTTP/1.1\" 500 102 \"-\" \"PostmanRuntime/7.48.0\"","service":"odoclone-API","timestamp":"2025-10-06T18:59:27.608Z"}
{"level":"info","message":"Devis created successfully","service":"odoclone-API","timestamp":"2025-10-06T19:00:48.499Z"}
{"level":"info","message":"::1 - - [06/Oct/2025:19:00:48 +0000] \"POST /api/devis/create/0199baa0-93ab-7d43-acbb-0bb2e98a6a6c HTTP/1.1\" 201 324 \"-\" \"PostmanRuntime/7.48.0\"","service":"odoclone-API","timestamp":"2025-10-06T19:00:48.507Z"}
{"level":"info","message":"Devis created successfully","service":"odoclone-API","timestamp":"2025-10-06T19:01:21.544Z"}
{"level":"info","message":"::1 - - [06/Oct/2025:19:01:21 +0000] \"POST /api/devis/create/0199baa0-93ab-7d43-acbb-0bb2e98a6a6c HTTP/1.1\" 500 102 \"-\" \"PostmanRuntime/7.48.0\"","service":"odoclone-API","timestamp":"2025-10-06T19:01:21.546Z"}
{"level":"info","message":"Devis created successfully","service":"odoclone-API","timestamp":"2025-10-06T19:02:38.842Z"}
{"level":"info","message":"::1 - - [06/Oct/2025:19:02:38 +0000] \"POST /api/devis/create/0199baa0-93ab-7d43-acbb-0bb2e98a6a6c HTTP/1.1\" 500 102 \"-\" \"PostmanRuntime/7.48.0\"","service":"odoclone-API","timestamp":"2025-10-06T19:02:38.850Z"}
{"level":"info","message":"Devis created successfully","service":"odoclone-API","timestamp":"2025-10-06T19:04:18.344Z"}
{"level":"info","message":"::1 - - [06/Oct/2025:19:04:18 +0000] \"POST /api/devis/create/0199baa0-93ab-7d43-acbb-0bb2e98a6a6c HTTP/1.1\" 201 50 \"-\" \"PostmanRuntime/7.48.0\"","service":"odoclone-API","timestamp":"2025-10-06T19:04:18.351Z"}
{"level":"info","message":"Devis created successfully","service":"odoclone-API","timestamp":"2025-10-06T19:05:13.337Z"}
{"level":"info","message":"::1 - - [06/Oct/2025:19:05:13 +0000] \"POST /api/devis/create/0199baa0-93ab-7d43-acbb-0bb2e98a6a6c HTTP/1.1\" 500 102 \"-\" \"PostmanRuntime/7.48.0\"","service":"odoclone-API","timestamp":"2025-10-06T19:05:13.344Z"}
{"level":"info","message":"Devis created successfully","service":"odoclone-API","timestamp":"2025-10-06T19:06:10.043Z"}
{"level":"info","message":"::1 - - [06/Oct/2025:19:06:10 +0000] \"POST /api/devis/create/0199baa0-93ab-7d43-acbb-0bb2e98a6a6c HTTP/1.1\" 201 328 \"-\" \"PostmanRuntime/7.48.0\"","service":"odoclone-API","timestamp":"2025-10-06T19:06:10.051Z"}
{"level":"info","message":"Devis were fetched successfully","service":"odoclone-API","timestamp":"2025-10-06T19:07:43.081Z"}
{"level":"info","message":"::1 - - [06/Oct/2025:19:07:43 +0000] \"GET /api/devis/ HTTP/1.1\" 200 266 \"-\" \"PostmanRuntime/7.48.0\"","service":"odoclone-API","timestamp":"2025-10-06T19:07:43.084Z"}
{"level":"info","message":"Devis were fetched successfully","service":"odoclone-API","timestamp":"2025-10-06T19:07:56.426Z"}
{"level":"info","message":"::1 - - [06/Oct/2025:19:07:56 +0000] \"GET /api/devis/ HTTP/1.1\" 200 266 \"-\" \"PostmanRuntime/7.48.0\"","service":"odoclone-API","timestamp":"2025-10-06T19:07:56.429Z"}
{"level":"info","message":"::1 - - [06/Oct/2025:19:09:33 +0000] \"GET /api/devis/0199baea-bcf4-7473-80f0-2e52a2c9fcd5 HTTP/1.1\" 500 66 \"-\" \"PostmanRuntime/7.48.0\"","service":"odoclone-API","timestamp":"2025-10-06T19:09:33.476Z"}
{"level":"info","message":"::1 - - [06/Oct/2025:19:09:52 +0000] \"GET /api/devis/0199baea-bcf4-7473-80f0-2e52a2c9fcd5 HTTP/1.1\" 500 66 \"-\" \"PostmanRuntime/7.48.0\"","service":"odoclone-API","timestamp":"2025-10-06T19:09:52.663Z"}
{"clientVersion":"6.16.2","level":"error","message":"Error while fetching devis \nInvalid `prisma.devis.findUnique()` invocation:\n\n{\n  where: {\n    id: \"0199baea-bcf4-7473-80f0-2e52a2c9fcd5\"\n  },\n  include: {\n    client: true,\n    ~~~~~~\n    devisItems: true,\n?   clientDevis?: true,\n?   devisItem?: true\n  }\n}\n\nUnknown field `client` for include statement on model `Devis`. Available options are marked with ?.","name":"PrismaClientValidationError","service":"odoclone-API","stack":"PrismaClientValidationError: \nInvalid `prisma.devis.findUnique()` invocation:\n\n{\n  where: {\n    id: \"0199baea-bcf4-7473-80f0-2e52a2c9fcd5\"\n  },\n  include: {\n    client: true,\n    ~~~~~~\n    devisItems: true,\n?   clientDevis?: true,\n?   devisItem?: true\n  }\n}\n\nUnknown field `client` for include statement on model `Devis`. Available options are marked with ?.\n    at Nn (C:\\Users\\PC SERVICE TECHNIQUE\\Documents\\MEGA\\LABDEV\\OdoClone\\backend\\src\\generated\\prisma\\runtime\\library.js:32:1363)\n    at ei.handleRequestError (C:\\Users\\PC SERVICE TECHNIQUE\\Documents\\MEGA\\LABDEV\\OdoClone\\backend\\src\\generated\\prisma\\runtime\\library.js:124:6911)\n    at ei.handleAndLogRequestError (C:\\Users\\PC SERVICE TECHNIQUE\\Documents\\MEGA\\LABDEV\\OdoClone\\backend\\src\\generated\\prisma\\runtime\\library.js:124:6593)\n    at ei.request (C:\\Users\\PC SERVICE TECHNIQUE\\Documents\\MEGA\\LABDEV\\OdoClone\\backend\\src\\generated\\prisma\\runtime\\library.js:124:6300)\n    at async a (C:\\Users\\PC SERVICE TECHNIQUE\\Documents\\MEGA\\LABDEV\\OdoClone\\backend\\src\\generated\\prisma\\runtime\\library.js:133:9551)\n    at async getDevis (file:///C:/Users/PC%20SERVICE%20TECHNIQUE/Documents/MEGA/LABDEV/OdoClone/backend/src/services/devis/getOneDevis.service.js:16:19)\n    at async file:///C:/Users/PC%20SERVICE%20TECHNIQUE/Documents/MEGA/LABDEV/OdoClone/backend/src/controllers/devis.controller.js:41:21\n    at async file:///C:/Users/PC%20SERVICE%20TECHNIQUE/Documents/MEGA/LABDEV/OdoClone/backend/src/middlewares/asyncHandler.middleware.js:3:5","timestamp":"2025-10-06T19:10:06.944Z"}
{"level":"info","message":"::1 - - [06/Oct/2025:19:10:06 +0000] \"GET /api/devis/0199baea-bcf4-7473-80f0-2e52a2c9fcd5 HTTP/1.1\" 500 394 \"-\" \"PostmanRuntime/7.48.0\"","service":"odoclone-API","timestamp":"2025-10-06T19:10:06.953Z"}
{"level":"info","message":"Devis were fetched successfully","service":"odoclone-API","timestamp":"2025-10-06T19:15:54.400Z"}
{"level":"info","message":"::1 - - [06/Oct/2025:19:15:54 +0000] \"GET /api/devis/0199baea-bcf4-7473-80f0-2e52a2c9fcd5 HTTP/1.1\" 200 279 \"-\" \"PostmanRuntime/7.48.0\"","service":"odoclone-API","timestamp":"2025-10-06T19:15:54.408Z"}
{"level":"info","message":"Devis were fetched successfully","service":"odoclone-API","timestamp":"2025-10-06T19:29:31.687Z"}
{"level":"info","message":"::1 - - [06/Oct/2025:19:29:31 +0000] \"GET /api/devis/0199baea-bcf4-7473-80f0-2e52a2c9fcd5 HTTP/1.1\" 200 279 \"-\" \"PostmanRuntime/7.48.0\"","service":"odoclone-API","timestamp":"2025-10-06T19:29:31.691Z"}
{"level":"info","message":"::1 - - [07/Oct/2025:00:57:11 +0000] \"GET /api HTTP/1.1\" 200 182 \"-\" \"PostmanRuntime/7.48.0\"","service":"odoclone-API","timestamp":"2025-10-07T00:57:11.066Z"}
{"level":"info","message":"Devis were fetched successfully","service":"odoclone-API","timestamp":"2025-10-07T00:57:16.324Z"}
{"level":"info","message":"::1 - - [07/Oct/2025:00:57:16 +0000] \"GET /api/devis/0199baea-bcf4-7473-80f0-2e52a2c9fcd5 HTTP/1.1\" 200 279 \"-\" \"PostmanRuntime/7.48.0\"","service":"odoclone-API","timestamp":"2025-10-07T00:57:16.326Z"}
{"level":"info","message":"Devis were fetched successfully","service":"odoclone-API","timestamp":"2025-10-07T00:57:21.474Z"}
{"level":"info","message":"::1 - - [07/Oct/2025:00:57:21 +0000] \"GET /api/devis/ HTTP/1.1\" 200 266 \"-\" \"PostmanRuntime/7.48.0\"","service":"odoclone-API","timestamp":"2025-10-07T00:57:21.476Z"}
{"level":"info","message":"Devis 0199baea-bcf4-7473-80f0-2e52a2c9fcd5 was updated successfully","service":"odoclone-API","timestamp":"2025-10-07T00:58:27.230Z"}
{"level":"info","message":"::1 - - [07/Oct/2025:00:58:27 +0000] \"PATCH /api/devis/update/0199baea-bcf4-7473-80f0-2e52a2c9fcd5 HTTP/1.1\" 200 318 \"-\" \"PostmanRuntime/7.48.0\"","service":"odoclone-API","timestamp":"2025-10-07T00:58:27.231Z"}
{"level":"info","message":"Devis 0199baea-bcf4-7473-80f0-2e52a2c9fcd5 was updated successfully","service":"odoclone-API","timestamp":"2025-10-07T00:58:56.861Z"}
{"level":"info","message":"::1 - - [07/Oct/2025:00:58:56 +0000] \"PATCH /api/devis/update/0199baea-bcf4-7473-80f0-2e52a2c9fcd5 HTTP/1.1\" 200 314 \"-\" \"PostmanRuntime/7.48.0\"","service":"odoclone-API","timestamp":"2025-10-07T00:58:56.870Z"}
{"level":"info","message":"Devis were fetched successfully","service":"odoclone-API","timestamp":"2025-10-07T00:59:06.194Z"}
{"level":"info","message":"::1 - - [07/Oct/2025:00:59:06 +0000] \"GET /api/devis/ HTTP/1.1\" 200 262 \"-\" \"PostmanRuntime/7.48.0\"","service":"odoclone-API","timestamp":"2025-10-07T00:59:06.197Z"}
{"level":"info","message":"Devis created successfully","service":"odoclone-API","timestamp":"2025-10-07T00:59:20.692Z"}
{"level":"info","message":"::1 - - [07/Oct/2025:00:59:20 +0000] \"POST /api/devis/create/0199baa0-93ab-7d43-acbb-0bb2e98a6a6c HTTP/1.1\" 201 328 \"-\" \"PostmanRuntime/7.48.0\"","service":"odoclone-API","timestamp":"2025-10-07T00:59:20.694Z"}
{"level":"info","message":"Devis were fetched successfully","service":"odoclone-API","timestamp":"2025-10-07T00:59:25.117Z"}
{"level":"info","message":"::1 - - [07/Oct/2025:00:59:25 +0000] \"GET /api/devis/ HTTP/1.1\" 200 517 \"-\" \"PostmanRuntime/7.48.0\"","service":"odoclone-API","timestamp":"2025-10-07T00:59:25.119Z"}
{"level":"info","message":"Devis were fetched successfully","service":"odoclone-API","timestamp":"2025-10-07T00:59:42.525Z"}
{"level":"info","message":"::1 - - [07/Oct/2025:00:59:42 +0000] \"GET /api/devis/0199bc2e-14ea-7b41-b93b-6fbe157bd050 HTTP/1.1\" 200 279 \"-\" \"PostmanRuntime/7.48.0\"","service":"odoclone-API","timestamp":"2025-10-07T00:59:42.528Z"}
{"errorCode":"VALIDATION_ERROR","level":"error","message":"Error while fetching devis Ce devis n'existe pas dans notre base de données!","service":"odoclone-API","stack":"Error: Ce devis n'existe pas dans notre base de données!\n    at getDevis (file:///C:/Users/PC%20SERVICE%20TECHNIQUE/Documents/MEGA/LABDEV/OdoClone/backend/src/services/devis/getOneDevis.service.js:31:13)\n    at async file:///C:/Users/PC%20SERVICE%20TECHNIQUE/Documents/MEGA/LABDEV/OdoClone/backend/src/controllers/devis.controller.js:41:21\n    at async file:///C:/Users/PC%20SERVICE%20TECHNIQUE/Documents/MEGA/LABDEV/OdoClone/backend/src/middlewares/asyncHandler.middleware.js:3:5","statusCode":400,"timestamp":"2025-10-07T00:59:50.220Z"}
{"level":"info","message":"::1 - - [07/Oct/2025:00:59:50 +0000] \"GET /api/devis/0199bc2e-14ea-7b41-b93b-6fbe157bd0501 HTTP/1.1\" 400 91 \"-\" \"PostmanRuntime/7.48.0\"","service":"odoclone-API","timestamp":"2025-10-07T00:59:50.224Z"}
{"level":"info","message":"Devis were fetched successfully","service":"odoclone-API","timestamp":"2025-10-07T00:59:54.527Z"}
{"level":"info","message":"::1 - - [07/Oct/2025:00:59:54 +0000] \"GET /api/devis/0199bc2e-14ea-7b41-b93b-6fbe157bd050 HTTP/1.1\" 200 279 \"-\" \"PostmanRuntime/7.48.0\"","service":"odoclone-API","timestamp":"2025-10-07T00:59:54.529Z"}
{"errorCode":"VALIDATION_ERROR","level":"error","message":"Error while deleting devis Ce devis n'existe pas dans notre base de données!","service":"odoclone-API","stack":"Error: Ce devis n'existe pas dans notre base de données!\n    at deleteDevis (file:///C:/Users/PC%20SERVICE%20TECHNIQUE/Documents/MEGA/LABDEV/OdoClone/backend/src/services/devis/deleteDevis.service.js:21:13)\n    at async file:///C:/Users/PC%20SERVICE%20TECHNIQUE/Documents/MEGA/LABDEV/OdoClone/backend/src/controllers/devis.controller.js:67:3\n    at async file:///C:/Users/PC%20SERVICE%20TECHNIQUE/Documents/MEGA/LABDEV/OdoClone/backend/src/middlewares/asyncHandler.middleware.js:3:5","statusCode":400,"timestamp":"2025-10-07T01:00:10.010Z"}
{"level":"info","message":"::1 - - [07/Oct/2025:01:00:10 +0000] \"DELETE /api/devis/delete/0199bac2-6366-7530-905d-2444971b04c2 HTTP/1.1\" 400 91 \"-\" \"PostmanRuntime/7.48.0\"","service":"odoclone-API","timestamp":"2025-10-07T01:00:10.012Z"}
{"level":"info","message":"Devis 0199bc2e-14ea-7b41-b93b-6fbe157bd050 was deleted successfully","service":"odoclone-API","timestamp":"2025-10-07T01:00:18.613Z"}
{"level":"info","message":"::1 - - [07/Oct/2025:01:00:18 +0000] \"DELETE /api/devis/delete/0199bc2e-14ea-7b41-b93b-6fbe157bd050 HTTP/1.1\" 200 53 \"-\" \"PostmanRuntime/7.48.0\"","service":"odoclone-API","timestamp":"2025-10-07T01:00:18.615Z"}
{"level":"info","message":"Devis were fetched successfully","service":"odoclone-API","timestamp":"2025-10-07T01:00:23.448Z"}
{"level":"info","message":"::1 - - [07/Oct/2025:01:00:23 +0000] \"GET /api/devis/ HTTP/1.1\" 200 262 \"-\" \"PostmanRuntime/7.48.0\"","service":"odoclone-API","timestamp":"2025-10-07T01:00:23.449Z"}
{"level":"info","message":"::1 - - [07/Oct/2025:02:45:02 +0000] \"POST /api/devisitem/create/0199baa0-93ab-7d43-acbb-0bb2e98a6a6c HTTP/1.1\" 404 197 \"-\" \"PostmanRuntime/7.48.0\"","service":"odoclone-API","timestamp":"2025-10-07T02:45:02.038Z"}
{"level":"info","message":"::1 - - [07/Oct/2025:02:46:11 +0000] \"POST /api/devisitem/add/0199baa0-93ab-7d43-acbb-0bb2e98a6a6c HTTP/1.1\" 404 194 \"-\" \"PostmanRuntime/7.48.0\"","service":"odoclone-API","timestamp":"2025-10-07T02:46:11.097Z"}
{"level":"info","message":"::1 - - [07/Oct/2025:02:46:56 +0000] \"POST /api/devisitem/add/0199baa0-93ab-7d43-acbb-0bb2e98a6a6c HTTP/1.1\" 400 234 \"-\" \"PostmanRuntime/7.48.0\"","service":"odoclone-API","timestamp":"2025-10-07T02:46:56.607Z"}
{"level":"error","message":"Error creating the devis: Error: Ce devis n'existe pas dans notre base de données!","service":"odoclone-API","timestamp":"2025-10-07T02:47:29.759Z"}
{"level":"info","message":"::1 - - [07/Oct/2025:02:47:29 +0000] \"POST /api/devisitem/add/0199baa0-93ab-7d43-acbb-0bb2e98a6a6c HTTP/1.1\" 400 91 \"-\" \"PostmanRuntime/7.48.0\"","service":"odoclone-API","timestamp":"2025-10-07T02:47:29.761Z"}
{"level":"info","message":"Devis were fetched successfully","service":"odoclone-API","timestamp":"2025-10-07T02:48:32.212Z"}
{"level":"info","message":"::1 - - [07/Oct/2025:02:48:32 +0000] \"GET /api/devis/ HTTP/1.1\" 200 262 \"-\" \"PostmanRuntime/7.48.0\"","service":"odoclone-API","timestamp":"2025-10-07T02:48:32.215Z"}
{"level":"error","message":"Error creating the devis: TypeError: Cannot read properties of undefined (reading 'create')","service":"odoclone-API","timestamp":"2025-10-07T02:48:48.418Z"}
{"level":"info","message":"::1 - - [07/Oct/2025:02:48:48 +0000] \"POST /api/devisitem/add/0199baea-bcf4-7473-80f0-2e52a2c9fcd5 HTTP/1.1\" 500 100 \"-\" \"PostmanRuntime/7.48.0\"","service":"odoclone-API","timestamp":"2025-10-07T02:48:48.420Z"}
{"level":"info","message":"Devis were fetched successfully","service":"odoclone-API","timestamp":"2025-10-07T02:49:16.942Z"}
{"level":"info","message":"::1 - - [07/Oct/2025:02:49:16 +0000] \"GET /api/devis/ HTTP/1.1\" 200 262 \"-\" \"PostmanRuntime/7.48.0\"","service":"odoclone-API","timestamp":"2025-10-07T02:49:16.944Z"}
{"level":"info","message":"Devis were fetched successfully","service":"odoclone-API","timestamp":"2025-10-07T02:49:27.760Z"}
{"level":"info","message":"::1 - - [07/Oct/2025:02:49:27 +0000] \"GET /api/devis/0199baea-bcf4-7473-80f0-2e52a2c9fcd5 HTTP/1.1\" 200 275 \"-\" \"PostmanRuntime/7.48.0\"","service":"odoclone-API","timestamp":"2025-10-07T02:49:27.762Z"}
{"level":"error","message":"Error creating the devis: TypeError: Cannot read properties of undefined (reading 'create')","service":"odoclone-API","timestamp":"2025-10-07T02:49:34.389Z"}
{"level":"info","message":"::1 - - [07/Oct/2025:02:49:34 +0000] \"POST /api/devisitem/add/0199baea-bcf4-7473-80f0-2e52a2c9fcd5 HTTP/1.1\" 500 100 \"-\" \"PostmanRuntime/7.48.0\"","service":"odoclone-API","timestamp":"2025-10-07T02:49:34.391Z"}
{"level":"error","message":"Error creating the devis: PrismaClientValidationError: \nInvalid `prisma.itemsDevis.create()` invocation:\n\n{\n  data: {\n    description: \"Installation de GR sur le site de BOBODJI\",\n    quantity: 2,\n    unitePrice: 150000,\n    devisId: \"0199baea-bcf4-7473-80f0-2e52a2c9fcd5\",\n    total: 300000,\n+   unite: String\n  }\n}\n\nArgument `unite` is missing.","service":"odoclone-API","timestamp":"2025-10-07T02:56:29.289Z"}
{"level":"info","message":"::1 - - [07/Oct/2025:02:56:29 +0000] \"POST /api/devisitem/add/0199baea-bcf4-7473-80f0-2e52a2c9fcd5 HTTP/1.1\" 500 355 \"-\" \"PostmanRuntime/7.48.0\"","service":"odoclone-API","timestamp":"2025-10-07T02:56:29.299Z"}
{"level":"info","message":"::1 - - [07/Oct/2025:02:57:01 +0000] \"POST /api/devisitem/add/0199baea-bcf4-7473-80f0-2e52a2c9fcd5 HTTP/1.1\" 400 150 \"-\" \"PostmanRuntime/7.48.0\"","service":"odoclone-API","timestamp":"2025-10-07T02:57:01.174Z"}
{"level":"info","message":"Devis items created successfully","service":"odoclone-API","timestamp":"2025-10-07T02:57:18.329Z"}
{"level":"info","message":"::1 - - [07/Oct/2025:02:57:18 +0000] \"POST /api/devisitem/add/0199baea-bcf4-7473-80f0-2e52a2c9fcd5 HTTP/1.1\" 201 359 \"-\" \"PostmanRuntime/7.48.0\"","service":"odoclone-API","timestamp":"2025-10-07T02:57:18.337Z"}
{"level":"info","message":"Devis items created successfully","service":"odoclone-API","timestamp":"2025-10-07T03:00:25.841Z"}
{"level":"info","message":"::1 - - [07/Oct/2025:03:00:25 +0000] \"POST /api/devisitem/add/0199baea-bcf4-7473-80f0-2e52a2c9fcd5 HTTP/1.1\" 201 358 \"-\" \"PostmanRuntime/7.48.0\"","service":"odoclone-API","timestamp":"2025-10-07T03:00:25.848Z"}
{"level":"info","message":"Devis were fetched successfully","service":"odoclone-API","timestamp":"2025-10-07T03:00:33.756Z"}
{"level":"info","message":"::1 - - [07/Oct/2025:03:00:33 +0000] \"GET /api/devis/0199baea-bcf4-7473-80f0-2e52a2c9fcd5 HTTP/1.1\" 200 494 \"-\" \"PostmanRuntime/7.48.0\"","service":"odoclone-API","timestamp":"2025-10-07T03:00:33.757Z"}
{"level":"error","message":"Error fetching devisItems: Error: L'identifiant du devis est manquant ou invalide!","service":"odoclone-API","timestamp":"2025-10-07T03:02:11.825Z"}
{"level":"info","message":"::1 - - [07/Oct/2025:03:02:11 +0000] \"GET /api/devisitem/ HTTP/1.1\" 400 89 \"-\" \"PostmanRuntime/7.48.0\"","service":"odoclone-API","timestamp":"2025-10-07T03:02:11.828Z"}
{"level":"error","message":"Error getting devisItem: PrismaClientValidationError: \nInvalid `prisma.itemsDevis.findUnique()` invocation:\n\n{\n  where: {\n    id: \"0199baa0-93ab-7d43-acbb-0bb2e98a6a6c\",\n    ~~\n?   itemId?: String,\n?   AND?: ItemsDevisWhereInput | ItemsDevisWhereInput[],\n?   OR?: ItemsDevisWhereInput[],\n?   NOT?: ItemsDevisWhereInput | ItemsDevisWhereInput[],\n?   createAt?: DateTimeFilter | DateTime,\n?   updateAt?: DateTimeFilter | DateTime,\n?   description?: StringFilter | String,\n?   unite?: StringFilter | String,\n?   quantity?: IntFilter | Int,\n?   unitePrice?: IntFilter | Int,\n?   total?: IntFilter | Int,\n?   devisId?: StringFilter | String,\n?   devisItem?: DevisScalarRelationFilter | DevisWhereInput\n  }\n}\n\nUnknown argument `id`. Did you mean `OR`? Available options are marked with ?.","service":"odoclone-API","timestamp":"2025-10-07T03:02:26.712Z"}
{"level":"info","message":"::1 - - [07/Oct/2025:03:02:26 +0000] \"GET /api/devisitem/0199baa0-93ab-7d43-acbb-0bb2e98a6a6c HTTP/1.1\" 500 799 \"-\" \"PostmanRuntime/7.48.0\"","service":"odoclone-API","timestamp":"2025-10-07T03:02:26.714Z"}
{"level":"error","message":"Error getting devisItem: PrismaClientValidationError: \nInvalid `prisma.itemsDevis.findUnique()` invocation:\n\n{\n  where: {\n    id: \"0199baa0-93ab-7d43-acbb-0bb2e98a6a6c\",\n    ~~\n?   itemId?: String,\n?   AND?: ItemsDevisWhereInput | ItemsDevisWhereInput[],\n?   OR?: ItemsDevisWhereInput[],\n?   NOT?: ItemsDevisWhereInput | ItemsDevisWhereInput[],\n?   createAt?: DateTimeFilter | DateTime,\n?   updateAt?: DateTimeFilter | DateTime,\n?   description?: StringFilter | String,\n?   unite?: StringFilter | String,\n?   quantity?: IntFilter | Int,\n?   unitePrice?: IntFilter | Int,\n?   total?: IntFilter | Int,\n?   devisId?: StringFilter | String,\n?   devisItem?: DevisScalarRelationFilter | DevisWhereInput\n  }\n}\n\nUnknown argument `id`. Did you mean `OR`? Available options are marked with ?.","service":"odoclone-API","timestamp":"2025-10-07T03:04:42.459Z"}
{"level":"info","message":"::1 - - [07/Oct/2025:03:04:42 +0000] \"GET /api/devisitem/0199baa0-93ab-7d43-acbb-0bb2e98a6a6c HTTP/1.1\" 500 799 \"-\" \"PostmanRuntime/7.48.0\"","service":"odoclone-API","timestamp":"2025-10-07T03:04:42.468Z"}
{"level":"error","message":"Error getting devisItem: PrismaClientValidationError: \nInvalid `prisma.itemsDevis.findUnique()` invocation:\n\n{\n  where: {\n    id: \"0199baa0-93ab-7d43-acbb-0bb2e98a6a6c\",\n    ~~\n?   itemId?: String,\n?   AND?: ItemsDevisWhereInput | ItemsDevisWhereInput[],\n?   OR?: ItemsDevisWhereInput[],\n?   NOT?: ItemsDevisWhereInput | ItemsDevisWhereInput[],\n?   createAt?: DateTimeFilter | DateTime,\n?   updateAt?: DateTimeFilter | DateTime,\n?   description?: StringFilter | String,\n?   unite?: StringFilter | String,\n?   quantity?: IntFilter | Int,\n?   unitePrice?: IntFilter | Int,\n?   total?: IntFilter | Int,\n?   devisId?: StringFilter | String,\n?   devisItem?: DevisScalarRelationFilter | DevisWhereInput\n  }\n}\n\nUnknown argument `id`. Did you mean `OR`? Available options are marked with ?.","service":"odoclone-API","timestamp":"2025-10-07T03:04:54.759Z"}
{"level":"info","message":"::1 - - [07/Oct/2025:03:04:54 +0000] \"GET /api/devisitem/0199baa0-93ab-7d43-acbb-0bb2e98a6a6c HTTP/1.1\" 500 799 \"-\" \"PostmanRuntime/7.48.0\"","service":"odoclone-API","timestamp":"2025-10-07T03:04:54.769Z"}
{"level":"info","message":"Devis were fetched successfully","service":"odoclone-API","timestamp":"2025-10-07T03:08:07.962Z"}
{"level":"info","message":"::1 - - [07/Oct/2025:03:08:07 +0000] \"GET /api/devis/0199baea-bcf4-7473-80f0-2e52a2c9fcd5 HTTP/1.1\" 200 494 \"-\" \"PostmanRuntime/7.48.0\"","service":"odoclone-API","timestamp":"2025-10-07T03:08:07.964Z"}
{"clientVersion":"6.16.2","level":"error","message":"Error while fetching devis \nInvalid `prisma.devis.findUnique()` invocation:\n\n{\n  where: {\n    id: \"0199baea-bcf4-7473-80f0-2e52a2c9fcd5\"\n  },\n  include: {\n    devisItem: {\n      select: {\n        id: true,\n        ~~\n        description: true,\n        quantity: true,\n        unitePrice: true,\n        total: true,\n?       itemId?: true,\n?       createAt?: true,\n?       updateAt?: true,\n?       unite?: true,\n?       devisId?: true,\n?       devisItem?: true\n      }\n    }\n  }\n}\n\nUnknown field `id` for select statement on model `ItemsDevis`. Available options are marked with ?.","name":"PrismaClientValidationError","service":"odoclone-API","stack":"PrismaClientValidationError: \nInvalid `prisma.devis.findUnique()` invocation:\n\n{\n  where: {\n    id: \"0199baea-bcf4-7473-80f0-2e52a2c9fcd5\"\n  },\n  include: {\n    devisItem: {\n      select: {\n        id: true,\n        ~~\n        description: true,\n        quantity: true,\n        unitePrice: true,\n        total: true,\n?       itemId?: true,\n?       createAt?: true,\n?       updateAt?: true,\n?       unite?: true,\n?       devisId?: true,\n?       devisItem?: true\n      }\n    }\n  }\n}\n\nUnknown field `id` for select statement on model `ItemsDevis`. Available options are marked with ?.\n    at Nn (C:\\Users\\PC SERVICE TECHNIQUE\\Documents\\MEGA\\LABDEV\\OdoClone\\backend\\src\\generated\\prisma\\runtime\\library.js:32:1363)\n    at ei.handleRequestError (C:\\Users\\PC SERVICE TECHNIQUE\\Documents\\MEGA\\LABDEV\\OdoClone\\backend\\src\\generated\\prisma\\runtime\\library.js:124:6911)\n    at ei.handleAndLogRequestError (C:\\Users\\PC SERVICE TECHNIQUE\\Documents\\MEGA\\LABDEV\\OdoClone\\backend\\src\\generated\\prisma\\runtime\\library.js:124:6593)\n    at ei.request (C:\\Users\\PC SERVICE TECHNIQUE\\Documents\\MEGA\\LABDEV\\OdoClone\\backend\\src\\generated\\prisma\\runtime\\library.js:124:6300)\n    at async a (C:\\Users\\PC SERVICE TECHNIQUE\\Documents\\MEGA\\LABDEV\\OdoClone\\backend\\src\\generated\\prisma\\runtime\\library.js:133:9551)\n    at async getDevis (file:///C:/Users/PC%20SERVICE%20TECHNIQUE/Documents/MEGA/LABDEV/OdoClone/backend/src/services/devis/getOneDevis.service.js:16:19)\n    at async file:///C:/Users/PC%20SERVICE%20TECHNIQUE/Documents/MEGA/LABDEV/OdoClone/backend/src/controllers/devis.controller.js:41:21\n    at async file:///C:/Users/PC%20SERVICE%20TECHNIQUE/Documents/MEGA/LABDEV/OdoClone/backend/src/middlewares/asyncHandler.middleware.js:3:5","timestamp":"2025-10-07T03:08:47.075Z"}
{"level":"info","message":"::1 - - [07/Oct/2025:03:08:47 +0000] \"GET /api/devis/0199baea-bcf4-7473-80f0-2e52a2c9fcd5 HTTP/1.1\" 500 627 \"-\" \"PostmanRuntime/7.48.0\"","service":"odoclone-API","timestamp":"2025-10-07T03:08:47.084Z"}
{"level":"info","message":"Devis were fetched successfully","service":"odoclone-API","timestamp":"2025-10-07T03:09:18.369Z"}
{"level":"info","message":"::1 - - [07/Oct/2025:03:09:18 +0000] \"GET /api/devis/0199baea-bcf4-7473-80f0-2e52a2c9fcd5 HTTP/1.1\" 200 590 \"-\" \"PostmanRuntime/7.48.0\"","service":"odoclone-API","timestamp":"2025-10-07T03:09:18.377Z"}
{"level":"error","message":"Error getting devisItem: PrismaClientValidationError: \nInvalid `prisma.itemsDevis.findUnique()` invocation:\n\n{\n  where: {\n    id: \"0199bc9a-13cb-7062-ab82-c22abb09db5c\",\n    ~~\n?   itemId?: String,\n?   AND?: ItemsDevisWhereInput | ItemsDevisWhereInput[],\n?   OR?: ItemsDevisWhereInput[],\n?   NOT?: ItemsDevisWhereInput | ItemsDevisWhereInput[],\n?   createAt?: DateTimeFilter | DateTime,\n?   updateAt?: DateTimeFilter | DateTime,\n?   description?: StringFilter | String,\n?   unite?: StringFilter | String,\n?   quantity?: IntFilter | Int,\n?   unitePrice?: IntFilter | Int,\n?   total?: IntFilter | Int,\n?   devisId?: StringFilter | String,\n?   devisItem?: DevisScalarRelationFilter | DevisWhereInput\n  }\n}\n\nUnknown argument `id`. Did you mean `OR`? Available options are marked with ?.","service":"odoclone-API","timestamp":"2025-10-07T03:09:59.969Z"}
{"level":"info","message":"::1 - - [07/Oct/2025:03:09:59 +0000] \"GET /api/devisitem/0199bc9a-13cb-7062-ab82-c22abb09db5c HTTP/1.1\" 500 799 \"-\" \"PostmanRuntime/7.48.0\"","service":"odoclone-API","timestamp":"2025-10-07T03:09:59.971Z"}
{"level":"error","message":"Error getting devisItem: PrismaClientValidationError: \nInvalid `prisma.itemsDevis.findUnique()` invocation:\n\n{\n  where: {\n    id: \"0199bc9a-13cb-7062-ab82-c22abb09db5c\",\n    ~~\n?   itemId?: String,\n?   AND?: ItemsDevisWhereInput | ItemsDevisWhereInput[],\n?   OR?: ItemsDevisWhereInput[],\n?   NOT?: ItemsDevisWhereInput | ItemsDevisWhereInput[],\n?   createAt?: DateTimeFilter | DateTime,\n?   updateAt?: DateTimeFilter | DateTime,\n?   description?: StringFilter | String,\n?   unite?: StringFilter | String,\n?   quantity?: IntFilter | Int,\n?   unitePrice?: IntFilter | Int,\n?   total?: IntFilter | Int,\n?   devisId?: StringFilter | String,\n?   devisItem?: DevisScalarRelationFilter | DevisWhereInput\n  }\n}\n\nUnknown argument `id`. Did you mean `OR`? Available options are marked with ?.","service":"odoclone-API","timestamp":"2025-10-07T03:10:59.098Z"}
{"level":"info","message":"::1 - - [07/Oct/2025:03:10:59 +0000] \"GET /api/devisitem/0199bc9a-13cb-7062-ab82-c22abb09db5c HTTP/1.1\" 500 799 \"-\" \"PostmanRuntime/7.48.0\"","service":"odoclone-API","timestamp":"2025-10-07T03:10:59.108Z"}
{"level":"error","message":"Error fetching devisItems: Error: L'identifiant du devis est manquant ou invalide!","service":"odoclone-API","timestamp":"2025-10-07T03:11:09.338Z"}
{"level":"info","message":"::1 - - [07/Oct/2025:03:11:09 +0000] \"GET /api/devisitem/all/0199bc9a-13cb-7062-ab82-c22abb09db5c HTTP/1.1\" 400 89 \"-\" \"PostmanRuntime/7.48.0\"","service":"odoclone-API","timestamp":"2025-10-07T03:11:09.340Z"}
{"level":"info","message":"Devis were fetched successfully","service":"odoclone-API","timestamp":"2025-10-07T03:11:31.976Z"}
{"level":"info","message":"::1 - - [07/Oct/2025:03:11:31 +0000] \"GET /api/devis/0199baea-bcf4-7473-80f0-2e52a2c9fcd5 HTTP/1.1\" 200 590 \"-\" \"PostmanRuntime/7.48.0\"","service":"odoclone-API","timestamp":"2025-10-07T03:11:31.978Z"}
{"level":"error","message":"Error getting devisItem: PrismaClientValidationError: \nInvalid `prisma.itemsDevis.findUnique()` invocation:\n\n{\n  where: {\n    id: \"0199baea-bcf4-7473-80f0-2e52a2c9fcd5\",\n    ~~\n?   itemId?: String,\n?   AND?: ItemsDevisWhereInput | ItemsDevisWhereInput[],\n?   OR?: ItemsDevisWhereInput[],\n?   NOT?: ItemsDevisWhereInput | ItemsDevisWhereInput[],\n?   createAt?: DateTimeFilter | DateTime,\n?   updateAt?: DateTimeFilter | DateTime,\n?   description?: StringFilter | String,\n?   unite?: StringFilter | String,\n?   quantity?: IntFilter | Int,\n?   unitePrice?: IntFilter | Int,\n?   total?: IntFilter | Int,\n?   devisId?: StringFilter | String,\n?   devisItem?: DevisScalarRelationFilter | DevisWhereInput\n  }\n}\n\nUnknown argument `id`. Did you mean `OR`? Available options are marked with ?.","service":"odoclone-API","timestamp":"2025-10-07T03:11:46.346Z"}
{"level":"info","message":"::1 - - [07/Oct/2025:03:11:46 +0000] \"GET /api/devisitem/0199baea-bcf4-7473-80f0-2e52a2c9fcd5 HTTP/1.1\" 500 799 \"-\" \"PostmanRuntime/7.48.0\"","service":"odoclone-API","timestamp":"2025-10-07T03:11:46.349Z"}
{"level":"error","message":"Error fetching devisItems: Error: L'identifiant du devis est manquant ou invalide!","service":"odoclone-API","timestamp":"2025-10-07T03:12:01.774Z"}
{"level":"info","message":"::1 - - [07/Oct/2025:03:12:01 +0000] \"GET /api/devisitem/all/0199baea-bcf4-7473-80f0-2e52a2c9fcd5 HTTP/1.1\" 400 89 \"-\" \"PostmanRuntime/7.48.0\"","service":"odoclone-API","timestamp":"2025-10-07T03:12:01.776Z"}
{"level":"error","message":"Error fetching devisItems: Error: L'identifiant du devis est manquant ou invalide!","service":"odoclone-API","timestamp":"2025-10-07T03:12:12.756Z"}
{"level":"info","message":"::1 - - [07/Oct/2025:03:12:12 +0000] \"GET /api/devisitem/all/0199baea-bcf4-7473-80f0-2e52a2c9fcd5 HTTP/1.1\" 400 89 \"-\" \"PostmanRuntime/7.48.0\"","service":"odoclone-API","timestamp":"2025-10-07T03:12:12.758Z"}
{"level":"error","message":"Error getting devisItem: PrismaClientValidationError: \nInvalid `prisma.itemsDevis.findUnique()` invocation:\n\n{\n  where: {\n    id: \"0199baea-bcf4-7473-80f0-2e52a2c9fcd5\",\n    ~~\n?   itemId?: String,\n?   AND?: ItemsDevisWhereInput | ItemsDevisWhereInput[],\n?   OR?: ItemsDevisWhereInput[],\n?   NOT?: ItemsDevisWhereInput | ItemsDevisWhereInput[],\n?   createAt?: DateTimeFilter | DateTime,\n?   updateAt?: DateTimeFilter | DateTime,\n?   description?: StringFilter | String,\n?   unite?: StringFilter | String,\n?   quantity?: IntFilter | Int,\n?   unitePrice?: IntFilter | Int,\n?   total?: IntFilter | Int,\n?   devisId?: StringFilter | String,\n?   devisItem?: DevisScalarRelationFilter | DevisWhereInput\n  }\n}\n\nUnknown argument `id`. Did you mean `OR`? Available options are marked with ?.","service":"odoclone-API","timestamp":"2025-10-07T03:13:00.417Z"}
{"level":"info","message":"::1 - - [07/Oct/2025:03:13:00 +0000] \"GET /api/devisitem/0199baea-bcf4-7473-80f0-2e52a2c9fcd5 HTTP/1.1\" 500 799 \"-\" \"PostmanRuntime/7.48.0\"","service":"odoclone-API","timestamp":"2025-10-07T03:13:00.418Z"}
{"level":"error","message":"Error getting devisItem: PrismaClientValidationError: \nInvalid `prisma.itemsDevis.findUnique()` invocation:\n\n{\n  where: {\n    id: \"0199baea-bcf4-7473-80f0-2e52a2c9fcd5\",\n    ~~\n?   itemId?: String,\n?   AND?: ItemsDevisWhereInput | ItemsDevisWhereInput[],\n?   OR?: ItemsDevisWhereInput[],\n?   NOT?: ItemsDevisWhereInput | ItemsDevisWhereInput[],\n?   createAt?: DateTimeFilter | DateTime,\n?   updateAt?: DateTimeFilter | DateTime,\n?   description?: StringFilter | String,\n?   unite?: StringFilter | String,\n?   quantity?: IntFilter | Int,\n?   unitePrice?: IntFilter | Int,\n?   total?: IntFilter | Int,\n?   devisId?: StringFilter | String,\n?   devisItem?: DevisScalarRelationFilter | DevisWhereInput\n  }\n}\n\nUnknown argument `id`. Did you mean `OR`? Available options are marked with ?.","service":"odoclone-API","timestamp":"2025-10-07T03:13:15.888Z"}
{"level":"info","message":"::1 - - [07/Oct/2025:03:13:15 +0000] \"GET /api/devisitem/0199baea-bcf4-7473-80f0-2e52a2c9fcd5 HTTP/1.1\" 500 799 \"-\" \"PostmanRuntime/7.48.0\"","service":"odoclone-API","timestamp":"2025-10-07T03:13:15.897Z"}
{"level":"info","message":"::1 - - [07/Oct/2025:03:13:20 +0000] \"GET /api/devisitem/all/0199baea-bcf4-7473-80f0-2e52a2c9fcd5 HTTP/1.1\" 404 193 \"-\" \"PostmanRuntime/7.48.0\"","service":"odoclone-API","timestamp":"2025-10-07T03:13:20.916Z"}
{"level":"error","message":"Error getting devisItem: PrismaClientValidationError: \nInvalid `prisma.itemsDevis.findUnique()` invocation:\n\n{\n  where: {\n    id: \"0199baea-bcf4-7473-80f0-2e52a2c9fcd5\",\n    ~~\n?   itemId?: String,\n?   AND?: ItemsDevisWhereInput | ItemsDevisWhereInput[],\n?   OR?: ItemsDevisWhereInput[],\n?   NOT?: ItemsDevisWhereInput | ItemsDevisWhereInput[],\n?   createAt?: DateTimeFilter | DateTime,\n?   updateAt?: DateTimeFilter | DateTime,\n?   description?: StringFilter | String,\n?   unite?: StringFilter | String,\n?   quantity?: IntFilter | Int,\n?   unitePrice?: IntFilter | Int,\n?   total?: IntFilter | Int,\n?   devisId?: StringFilter | String,\n?   devisItem?: DevisScalarRelationFilter | DevisWhereInput\n  }\n}\n\nUnknown argument `id`. Did you mean `OR`? Available options are marked with ?.","service":"odoclone-API","timestamp":"2025-10-07T03:13:25.570Z"}
{"level":"info","message":"::1 - - [07/Oct/2025:03:13:25 +0000] \"GET /api/devisitem/0199baea-bcf4-7473-80f0-2e52a2c9fcd5 HTTP/1.1\" 500 799 \"-\" \"PostmanRuntime/7.48.0\"","service":"odoclone-API","timestamp":"2025-10-07T03:13:25.572Z"}
{"level":"error","message":"Error getting devisItem: Error: Cet Ligne du devis n'existe pas dans notre base de données!","service":"odoclone-API","timestamp":"2025-10-07T03:14:04.817Z"}
{"level":"info","message":"::1 - - [07/Oct/2025:03:14:04 +0000] \"GET /api/devisitem/0199baea-bcf4-7473-80f0-2e52a2c9fcd5 HTTP/1.1\" 400 101 \"-\" \"PostmanRuntime/7.48.0\"","service":"odoclone-API","timestamp":"2025-10-07T03:14:04.826Z"}
{"level":"info","message":"Devis items were fetched successfully","service":"odoclone-API","timestamp":"2025-10-07T03:15:03.057Z"}
{"level":"info","message":"::1 - - [07/Oct/2025:03:15:03 +0000] \"GET /api/devisitem/0199bc9a-13cb-7062-ab82-c22abb09db5c HTTP/1.1\" 200 308 \"-\" \"PostmanRuntime/7.48.0\"","service":"odoclone-API","timestamp":"2025-10-07T03:15:03.059Z"}
{"level":"error","message":"Error fetching devisItems: Error: L'identifiant du devis est manquant ou invalide!","service":"odoclone-API","timestamp":"2025-10-07T03:15:45.105Z"}
{"level":"info","message":"::1 - - [07/Oct/2025:03:15:45 +0000] \"GET /api/devisitem/all/0199baea-bcf4-7473-80f0-2e52a2c9fcd5 HTTP/1.1\" 400 89 \"-\" \"PostmanRuntime/7.48.0\"","service":"odoclone-API","timestamp":"2025-10-07T03:15:45.113Z"}
{"level":"info","message":"Devis items were fetched successfully","service":"odoclone-API","timestamp":"2025-10-07T03:16:17.544Z"}
{"level":"info","message":"::1 - - [07/Oct/2025:03:16:17 +0000] \"GET /api/devisitem/0199bc9a-13cb-7062-ab82-c22abb09db5c HTTP/1.1\" 200 308 \"-\" \"PostmanRuntime/7.48.0\"","service":"odoclone-API","timestamp":"2025-10-07T03:16:17.547Z"}
{"level":"error","message":"Error fetching devisItems: Error: L'identifiant du devis est manquant ou invalide!","service":"odoclone-API","timestamp":"2025-10-07T03:16:25.429Z"}
{"level":"info","message":"::1 - - [07/Oct/2025:03:16:25 +0000] \"GET /api/devisitem/all/0199bc9a-13cb-7062-ab82-c22abb09db5c HTTP/1.1\" 400 89 \"-\" \"PostmanRuntime/7.48.0\"","service":"odoclone-API","timestamp":"2025-10-07T03:16:25.431Z"}
{"level":"info","message":"Devis items were fetched successfully","service":"odoclone-API","timestamp":"2025-10-07T03:17:01.151Z"}
{"level":"info","message":"::1 - - [07/Oct/2025:03:17:01 +0000] \"GET /api/devisitem/one/0199bc9a-13cb-7062-ab82-c22abb09db5c HTTP/1.1\" 200 308 \"-\" \"PostmanRuntime/7.48.0\"","service":"odoclone-API","timestamp":"2025-10-07T03:17:01.160Z"}
{"level":"error","message":"Error fetching devisItems: Error: L'identifiant du devis est manquant ou invalide!","service":"odoclone-API","timestamp":"2025-10-07T03:17:15.705Z"}
{"level":"info","message":"::1 - - [07/Oct/2025:03:17:15 +0000] \"GET /api/devisitem/all/0199bc9a-13cb-7062-ab82-c22abb09db5c HTTP/1.1\" 400 89 \"-\" \"PostmanRuntime/7.48.0\"","service":"odoclone-API","timestamp":"2025-10-07T03:17:15.707Z"}
{"level":"error","message":"Error fetching devisItems: Error: Ce devis n'existe pas dans notre base de données!","service":"odoclone-API","timestamp":"2025-10-07T03:17:53.431Z"}
{"level":"info","message":"::1 - - [07/Oct/2025:03:17:53 +0000] \"GET /api/devisitem/all/0199bc9a-13cb-7062-ab82-c22abb09db5c HTTP/1.1\" 400 91 \"-\" \"PostmanRuntime/7.48.0\"","service":"odoclone-API","timestamp":"2025-10-07T03:17:53.440Z"}
{"level":"info","message":"Devis items were fetched successfully","service":"odoclone-API","timestamp":"2025-10-07T03:18:18.233Z"}
{"level":"info","message":"::1 - - [07/Oct/2025:03:18:18 +0000] \"GET /api/devisitem/all/0199baea-bcf4-7473-80f0-2e52a2c9fcd5 HTTP/1.1\" 200 605 \"-\" \"PostmanRuntime/7.48.0\"","service":"odoclone-API","timestamp":"2025-10-07T03:18:18.235Z"}
{"level":"info","message":"::1 - - [07/Oct/2025:03:20:01 +0000] \"PATCH /api/devisitem/update/0199bc9a-13cb-7062-ab82-c22abb09db5c HTTP/1.1\" 500 77 \"-\" \"PostmanRuntime/7.48.0\"","service":"odoclone-API","timestamp":"2025-10-07T03:20:01.105Z"}
{"level":"info","message":"::1 - - [07/Oct/2025:03:20:52 +0000] \"PATCH /api/devisitem/update/0199bc9a-13cb-7062-ab82-c22abb09db5c HTTP/1.1\" 400 151 \"-\" \"PostmanRuntime/7.48.0\"","service":"odoclone-API","timestamp":"2025-10-07T03:20:52.374Z"}
{"level":"error","message":"Error updating devisItem: PrismaClientValidationError: \nInvalid `prisma.itemsDevis.findUnique()` invocation:\n\n{\n  where: {\n    id: \"0199bc9a-13cb-7062-ab82-c22abb09db5c\",\n    ~~\n?   itemId?: String,\n?   AND?: ItemsDevisWhereInput | ItemsDevisWhereInput[],\n?   OR?: ItemsDevisWhereInput[],\n?   NOT?: ItemsDevisWhereInput | ItemsDevisWhereInput[],\n?   createAt?: DateTimeFilter | DateTime,\n?   updateAt?: DateTimeFilter | DateTime,\n?   description?: StringFilter | String,\n?   unite?: StringFilter | String,\n?   quantity?: IntFilter | Int,\n?   unitePrice?: IntFilter | Int,\n?   total?: IntFilter | Int,\n?   devisId?: StringFilter | String,\n?   devisItem?: DevisScalarRelationFilter | DevisWhereInput\n  }\n}\n\nUnknown argument `id`. Did you mean `OR`? Available options are marked with ?.","service":"odoclone-API","timestamp":"2025-10-07T03:21:00.210Z"}
{"level":"info","message":"::1 - - [07/Oct/2025:03:21:00 +0000] \"PATCH /api/devisitem/update/0199bc9a-13cb-7062-ab82-c22abb09db5c HTTP/1.1\" 500 799 \"-\" \"PostmanRuntime/7.48.0\"","service":"odoclone-API","timestamp":"2025-10-07T03:21:00.213Z"}
{"level":"error","message":"Error updating devisItem: PrismaClientValidationError: \nInvalid `prisma.itemsDevis.update()` invocation:\n\n{\n  where: {\n    id: \"0199bc9a-13cb-7062-ab82-c22abb09db5c\",\n    ~~\n?   itemId?: String,\n?   AND?: ItemsDevisWhereInput | ItemsDevisWhereInput[],\n?   OR?: ItemsDevisWhereInput[],\n?   NOT?: ItemsDevisWhereInput | ItemsDevisWhereInput[],\n?   createAt?: DateTimeFilter | DateTime,\n?   updateAt?: DateTimeFilter | DateTime,\n?   description?: StringFilter | String,\n?   unite?: StringFilter | String,\n?   quantity?: IntFilter | Int,\n?   unitePrice?: IntFilter | Int,\n?   total?: IntFilter | Int,\n?   devisId?: StringFilter | String,\n?   devisItem?: DevisScalarRelationFilter | DevisWhereInput\n  },\n  data: {\n    description: \"Installation de GR sur le site de BOBODJI\",\n    quantity: 1,\n    unitePrice: 150000,\n    unite: \"Ens\",\n    total: 150000\n  }\n}\n\nUnknown argument `id`. Did you mean `OR`? Available options are marked with ?.","service":"odoclone-API","timestamp":"2025-10-07T03:22:07.608Z"}
{"level":"info","message":"::1 - - [07/Oct/2025:03:22:07 +0000] \"PATCH /api/devisitem/update/0199bc9a-13cb-7062-ab82-c22abb09db5c HTTP/1.1\" 500 960 \"-\" \"PostmanRuntime/7.48.0\"","service":"odoclone-API","timestamp":"2025-10-07T03:22:07.616Z"}
{"level":"info","message":"Devis items 0199bc9a-13cb-7062-ab82-c22abb09db5c was updated successfully","service":"odoclone-API","timestamp":"2025-10-07T03:22:30.356Z"}
{"level":"info","message":"::1 - - [07/Oct/2025:03:22:30 +0000] \"PATCH /api/devisitem/update/0199bc9a-13cb-7062-ab82-c22abb09db5c HTTP/1.1\" 200 56 \"-\" \"PostmanRuntime/7.48.0\"","service":"odoclone-API","timestamp":"2025-10-07T03:22:30.363Z"}
{"level":"info","message":"Devis items 0199bc9a-13cb-7062-ab82-c22abb09db5c was updated successfully","service":"odoclone-API","timestamp":"2025-10-07T03:23:07.150Z"}
{"level":"info","message":"::1 - - [07/Oct/2025:03:23:07 +0000] \"PATCH /api/devisitem/update/0199bc9a-13cb-7062-ab82-c22abb09db5c HTTP/1.1\" 200 369 \"-\" \"PostmanRuntime/7.48.0\"","service":"odoclone-API","timestamp":"2025-10-07T03:23:07.158Z"}
{"level":"info","message":"Devis were fetched successfully","service":"odoclone-API","timestamp":"2025-10-07T03:23:19.730Z"}
{"level":"info","message":"::1 - - [07/Oct/2025:03:23:19 +0000] \"GET /api/devis/0199baea-bcf4-7473-80f0-2e52a2c9fcd5 HTTP/1.1\" 200 590 \"-\" \"PostmanRuntime/7.48.0\"","service":"odoclone-API","timestamp":"2025-10-07T03:23:19.732Z"}
{"level":"info","message":"Devis items 0199bc9a-13cb-7062-ab82-c22abb09db5c was updated successfully","service":"odoclone-API","timestamp":"2025-10-07T03:23:36.666Z"}
{"level":"info","message":"::1 - - [07/Oct/2025:03:23:36 +0000] \"PATCH /api/devisitem/update/0199bc9a-13cb-7062-ab82-c22abb09db5c HTTP/1.1\" 200 369 \"-\" \"PostmanRuntime/7.48.0\"","service":"odoclone-API","timestamp":"2025-10-07T03:23:36.667Z"}
{"level":"info","message":"Devis were fetched successfully","service":"odoclone-API","timestamp":"2025-10-07T03:23:47.383Z"}
{"level":"info","message":"::1 - - [07/Oct/2025:03:23:47 +0000] \"GET /api/devis/0199baea-bcf4-7473-80f0-2e52a2c9fcd5 HTTP/1.1\" 200 590 \"-\" \"PostmanRuntime/7.48.0\"","service":"odoclone-API","timestamp":"2025-10-07T03:23:47.384Z"}
{"level":"error","message":"Error deleting devisItem: PrismaClientValidationError: \nInvalid `prisma.itemsDevis.findUnique()` invocation:\n\n{\n  where: {\n    id: \"0199bc9a-13cb-7062-ab82-c22abb09db5c\",\n    ~~\n?   itemId?: String,\n?   AND?: ItemsDevisWhereInput | ItemsDevisWhereInput[],\n?   OR?: ItemsDevisWhereInput[],\n?   NOT?: ItemsDevisWhereInput | ItemsDevisWhereInput[],\n?   createAt?: DateTimeFilter | DateTime,\n?   updateAt?: DateTimeFilter | DateTime,\n?   description?: StringFilter | String,\n?   unite?: StringFilter | String,\n?   quantity?: IntFilter | Int,\n?   unitePrice?: IntFilter | Int,\n?   total?: IntFilter | Int,\n?   devisId?: StringFilter | String,\n?   devisItem?: DevisScalarRelationFilter | DevisWhereInput\n  }\n}\n\nUnknown argument `id`. Did you mean `OR`? Available options are marked with ?.","service":"odoclone-API","timestamp":"2025-10-07T03:24:54.500Z"}
{"level":"info","message":"::1 - - [07/Oct/2025:03:24:54 +0000] \"DELETE /api/devisitem/delete/0199bc9a-13cb-7062-ab82-c22abb09db5c HTTP/1.1\" 500 799 \"-\" \"PostmanRuntime/7.48.0\"","service":"odoclone-API","timestamp":"2025-10-07T03:24:54.504Z"}
{"level":"info","message":"Devis items 0199bc9a-13cb-7062-ab82-c22abb09db5c was deleted successfully","service":"odoclone-API","timestamp":"2025-10-07T03:25:27.339Z"}
{"level":"info","message":"::1 - - [07/Oct/2025:03:25:27 +0000] \"DELETE /api/devisitem/delete/0199bc9a-13cb-7062-ab82-c22abb09db5c HTTP/1.1\" 200 54 \"-\" \"PostmanRuntime/7.48.0\"","service":"odoclone-API","timestamp":"2025-10-07T03:25:27.348Z"}
{"level":"info","message":"Devis were fetched successfully","service":"odoclone-API","timestamp":"2025-10-07T03:25:35.949Z"}
{"level":"info","message":"::1 - - [07/Oct/2025:03:25:35 +0000] \"GET /api/devis/0199baea-bcf4-7473-80f0-2e52a2c9fcd5 HTTP/1.1\" 200 434 \"-\" \"PostmanRuntime/7.48.0\"","service":"odoclone-API","timestamp":"2025-10-07T03:25:35.951Z"}
{"level":"info","message":"Devis were fetched successfully","service":"odoclone-API","timestamp":"2025-10-07T03:25:39.699Z"}
{"level":"info","message":"::1 - - [07/Oct/2025:03:25:39 +0000] \"GET /api/devis/0199baea-bcf4-7473-80f0-2e52a2c9fcd5 HTTP/1.1\" 200 434 \"-\" \"PostmanRuntime/7.48.0\"","service":"odoclone-API","timestamp":"2025-10-07T03:25:39.700Z"}
{"level":"info","message":"Devis 0199baea-bcf4-7473-80f0-2e52a2c9fcd5 was deleted successfully","service":"odoclone-API","timestamp":"2025-10-07T03:27:40.165Z"}
{"level":"info","message":"::1 - - [07/Oct/2025:03:27:40 +0000] \"DELETE /api/devis/delete/0199baea-bcf4-7473-80f0-2e52a2c9fcd5 HTTP/1.1\" 200 53 \"-\" \"PostmanRuntime/7.48.0\"","service":"odoclone-API","timestamp":"2025-10-07T03:27:40.173Z"}
{"errorCode":"VALIDATION_ERROR","level":"error","message":"Error while fetching devis Ce devis n'existe pas dans notre base de données!","service":"odoclone-API","stack":"Error: Ce devis n'existe pas dans notre base de données!\n    at getDevis (file:///C:/Users/PC%20SERVICE%20TECHNIQUE/Documents/MEGA/LABDEV/OdoClone/backend/src/services/devis/getOneDevis.service.js:32:13)\n    at async file:///C:/Users/PC%20SERVICE%20TECHNIQUE/Documents/MEGA/LABDEV/OdoClone/backend/src/controllers/devis.controller.js:41:21\n    at async file:///C:/Users/PC%20SERVICE%20TECHNIQUE/Documents/MEGA/LABDEV/OdoClone/backend/src/middlewares/asyncHandler.middleware.js:3:5","statusCode":400,"timestamp":"2025-10-07T03:27:46.639Z"}
{"level":"info","message":"::1 - - [07/Oct/2025:03:27:46 +0000] \"GET /api/devis/0199baea-bcf4-7473-80f0-2e52a2c9fcd5 HTTP/1.1\" 400 91 \"-\" \"PostmanRuntime/7.48.0\"","service":"odoclone-API","timestamp":"2025-10-07T03:27:46.641Z"}
{"errorCode":"VALIDATION_ERROR","level":"error","message":"Error while fetching devis Il n'y a aucun devis dans notre base de données!","service":"odoclone-API","stack":"Error: Il n'y a aucun devis dans notre base de données!\n    at getDevises (file:///C:/Users/PC%20SERVICE%20TECHNIQUE/Documents/MEGA/LABDEV/OdoClone/backend/src/services/devis/getAllDevis.service.js:12:13)\n    at async file:///C:/Users/PC%20SERVICE%20TECHNIQUE/Documents/MEGA/LABDEV/OdoClone/backend/src/controllers/devis.controller.js:29:21\n    at async file:///C:/Users/PC%20SERVICE%20TECHNIQUE/Documents/MEGA/LABDEV/OdoClone/backend/src/middlewares/asyncHandler.middleware.js:3:5","statusCode":400,"timestamp":"2025-10-07T03:27:51.112Z"}
{"level":"info","message":"::1 - - [07/Oct/2025:03:27:51 +0000] \"GET /api/devis/ HTTP/1.1\" 400 90 \"-\" \"PostmanRuntime/7.48.0\"","service":"odoclone-API","timestamp":"2025-10-07T03:27:51.114Z"}
{"level":"info","message":"Devis created successfully","service":"odoclone-API","timestamp":"2025-10-07T03:27:58.844Z"}
{"level":"info","message":"::1 - - [07/Oct/2025:03:27:58 +0000] \"POST /api/devis/create/0199baa0-93ab-7d43-acbb-0bb2e98a6a6c HTTP/1.1\" 201 328 \"-\" \"PostmanRuntime/7.48.0\"","service":"odoclone-API","timestamp":"2025-10-07T03:27:58.846Z"}
{"errorCode":"VALIDATION_ERROR","level":"error","message":"Error while fetching devis Ce devis n'existe pas dans notre base de données!","service":"odoclone-API","stack":"Error: Ce devis n'existe pas dans notre base de données!\n    at getDevis (file:///C:/Users/PC%20SERVICE%20TECHNIQUE/Documents/MEGA/LABDEV/OdoClone/backend/src/services/devis/getOneDevis.service.js:32:13)\n    at async file:///C:/Users/PC%20SERVICE%20TECHNIQUE/Documents/MEGA/LABDEV/OdoClone/backend/src/controllers/devis.controller.js:41:21\n    at async file:///C:/Users/PC%20SERVICE%20TECHNIQUE/Documents/MEGA/LABDEV/OdoClone/backend/src/middlewares/asyncHandler.middleware.js:3:5","statusCode":400,"timestamp":"2025-10-07T03:28:17.224Z"}
{"level":"info","message":"::1 - - [07/Oct/2025:03:28:17 +0000] \"GET /api/devis/0199baa0-93ab-7d43-acbb-0bb2e98a6a6c HTTP/1.1\" 400 91 \"-\" \"PostmanRuntime/7.48.0\"","service":"odoclone-API","timestamp":"2025-10-07T03:28:17.226Z"}
{"level":"info","message":"Devis were fetched successfully","service":"odoclone-API","timestamp":"2025-10-07T03:28:40.373Z"}
{"level":"info","message":"::1 - - [07/Oct/2025:03:28:40 +0000] \"GET /api/devis/0199bcb6-2979-7022-a0f1-cb0fe8e91e49 HTTP/1.1\" 200 279 \"-\" \"PostmanRuntime/7.48.0\"","service":"odoclone-API","timestamp":"2025-10-07T03:28:40.378Z"}
{"level":"error","message":"Error creating the devis: Error: Ce devis n'existe pas dans notre base de données!","service":"odoclone-API","timestamp":"2025-10-07T03:28:50.881Z"}
{"level":"info","message":"::1 - - [07/Oct/2025:03:28:50 +0000] \"POST /api/devisitem/add/0199baea-bcf4-7473-80f0-2e52a2c9fcd5 HTTP/1.1\" 400 91 \"-\" \"PostmanRuntime/7.48.0\"","service":"odoclone-API","timestamp":"2025-10-07T03:28:50.883Z"}
{"level":"info","message":"Devis items created successfully","service":"odoclone-API","timestamp":"2025-10-07T03:29:01.300Z"}
{"level":"info","message":"::1 - - [07/Oct/2025:03:29:01 +0000] \"POST /api/devisitem/add/0199bcb6-2979-7022-a0f1-cb0fe8e91e49 HTTP/1.1\" 201 358 \"-\" \"PostmanRuntime/7.48.0\"","service":"odoclone-API","timestamp":"2025-10-07T03:29:01.301Z"}
{"level":"info","message":"Devis were fetched successfully","service":"odoclone-API","timestamp":"2025-10-07T03:29:09.668Z"}
{"level":"info","message":"::1 - - [07/Oct/2025:03:29:09 +0000] \"GET /api/devis/0199bcb6-2979-7022-a0f1-cb0fe8e91e49 HTTP/1.1\" 200 438 \"-\" \"PostmanRuntime/7.48.0\"","service":"odoclone-API","timestamp":"2025-10-07T03:29:09.670Z"}
{"level":"info","message":"Devis items 0199bcb7-1d6e-7481-b5e6-f16bd91c1453 was deleted successfully","service":"odoclone-API","timestamp":"2025-10-07T03:29:26.828Z"}
{"level":"info","message":"::1 - - [07/Oct/2025:03:29:26 +0000] \"DELETE /api/devisitem/delete/0199bcb7-1d6e-7481-b5e6-f16bd91c1453 HTTP/1.1\" 200 54 \"-\" \"PostmanRuntime/7.48.0\"","service":"odoclone-API","timestamp":"2025-10-07T03:29:26.829Z"}
{"level":"info","message":"Devis were fetched successfully","service":"odoclone-API","timestamp":"2025-10-07T03:29:32.305Z"}
{"level":"info","message":"::1 - - [07/Oct/2025:03:29:32 +0000] \"GET /api/devis/0199bcb6-2979-7022-a0f1-cb0fe8e91e49 HTTP/1.1\" 200 279 \"-\" \"PostmanRuntime/7.48.0\"","service":"odoclone-API","timestamp":"2025-10-07T03:29:32.306Z"}
{"level":"error","message":"Error deleting devisItem: Error: Ce devis n'existe pas dans notre base de données!","service":"odoclone-API","timestamp":"2025-10-07T03:39:01.947Z"}
{"level":"info","message":"::1 - - [07/Oct/2025:03:39:01 +0000] \"DELETE /api/devisitem/delete-all/0199baa0-93ab-7d43-acbb-0bb2e98a6a6c HTTP/1.1\" 400 91 \"-\" \"PostmanRuntime/7.48.0\"","service":"odoclone-API","timestamp":"2025-10-07T03:39:01.955Z"}
{"level":"info","message":"Devis items created successfully","service":"odoclone-API","timestamp":"2025-10-07T03:39:15.096Z"}
{"level":"info","message":"::1 - - [07/Oct/2025:03:39:15 +0000] \"POST /api/devisitem/add/0199bcb6-2979-7022-a0f1-cb0fe8e91e49 HTTP/1.1\" 201 358 \"-\" \"PostmanRuntime/7.48.0\"","service":"odoclone-API","timestamp":"2025-10-07T03:39:15.098Z"}
{"level":"info","message":"Devis items created successfully","service":"odoclone-API","timestamp":"2025-10-07T03:39:16.269Z"}
{"level":"info","message":"::1 - - [07/Oct/2025:03:39:16 +0000] \"POST /api/devisitem/add/0199bcb6-2979-7022-a0f1-cb0fe8e91e49 HTTP/1.1\" 201 358 \"-\" \"PostmanRuntime/7.48.0\"","service":"odoclone-API","timestamp":"2025-10-07T03:39:16.271Z"}
{"level":"info","message":"Devis items created successfully","service":"odoclone-API","timestamp":"2025-10-07T03:39:17.371Z"}
{"level":"info","message":"::1 - - [07/Oct/2025:03:39:17 +0000] \"POST /api/devisitem/add/0199bcb6-2979-7022-a0f1-cb0fe8e91e49 HTTP/1.1\" 201 358 \"-\" \"PostmanRuntime/7.48.0\"","service":"odoclone-API","timestamp":"2025-10-07T03:39:17.372Z"}
{"level":"info","message":"Devis items created successfully","service":"odoclone-API","timestamp":"2025-10-07T03:39:18.355Z"}
{"level":"info","message":"::1 - - [07/Oct/2025:03:39:18 +0000] \"POST /api/devisitem/add/0199bcb6-2979-7022-a0f1-cb0fe8e91e49 HTTP/1.1\" 201 358 \"-\" \"PostmanRuntime/7.48.0\"","service":"odoclone-API","timestamp":"2025-10-07T03:39:18.356Z"}
{"level":"info","message":"Devis items created successfully","service":"odoclone-API","timestamp":"2025-10-07T03:39:19.638Z"}
{"level":"info","message":"::1 - - [07/Oct/2025:03:39:19 +0000] \"POST /api/devisitem/add/0199bcb6-2979-7022-a0f1-cb0fe8e91e49 HTTP/1.1\" 201 358 \"-\" \"PostmanRuntime/7.48.0\"","service":"odoclone-API","timestamp":"2025-10-07T03:39:19.640Z"}
{"level":"info","message":"Devis items created successfully","service":"odoclone-API","timestamp":"2025-10-07T03:39:20.647Z"}
{"level":"info","message":"::1 - - [07/Oct/2025:03:39:20 +0000] \"POST /api/devisitem/add/0199bcb6-2979-7022-a0f1-cb0fe8e91e49 HTTP/1.1\" 201 358 \"-\" \"PostmanRuntime/7.48.0\"","service":"odoclone-API","timestamp":"2025-10-07T03:39:20.648Z"}
{"level":"info","message":"Devis were fetched successfully","service":"odoclone-API","timestamp":"2025-10-07T03:39:24.570Z"}
{"level":"info","message":"::1 - - [07/Oct/2025:03:39:24 +0000] \"GET /api/devis/0199bcb6-2979-7022-a0f1-cb0fe8e91e49 HTTP/1.1\" 200 1213 \"-\" \"PostmanRuntime/7.48.0\"","service":"odoclone-API","timestamp":"2025-10-07T03:39:24.572Z"}
{"level":"info","message":"Devis items were fetched successfully","service":"odoclone-API","timestamp":"2025-10-07T03:39:45.659Z"}
{"level":"info","message":"::1 - - [07/Oct/2025:03:39:45 +0000] \"GET /api/devisitem/all/0199bcb6-2979-7022-a0f1-cb0fe8e91e49 HTTP/1.1\" 200 1780 \"-\" \"PostmanRuntime/7.48.0\"","service":"odoclone-API","timestamp":"2025-10-07T03:39:45.661Z"}
{"level":"info","message":"Devis items 0199bcb6-2979-7022-a0f1-cb0fe8e91e49 was deleted successfully","service":"odoclone-API","timestamp":"2025-10-07T03:39:58.120Z"}
{"level":"info","message":"::1 - - [07/Oct/2025:03:39:58 +0000] \"DELETE /api/devisitem/delete-all/0199bcb6-2979-7022-a0f1-cb0fe8e91e49 HTTP/1.1\" 200 54 \"-\" \"PostmanRuntime/7.48.0\"","service":"odoclone-API","timestamp":"2025-10-07T03:39:58.121Z"}
{"level":"info","message":"Devis items 0199bcb6-2979-7022-a0f1-cb0fe8e91e49 was deleted successfully","service":"odoclone-API","timestamp":"2025-10-07T03:40:46.429Z"}
{"level":"info","message":"::1 - - [07/Oct/2025:03:40:46 +0000] \"DELETE /api/devisitem/delete-all/0199bcb6-2979-7022-a0f1-cb0fe8e91e49 HTTP/1.1\" 200 60 \"-\" \"PostmanRuntime/7.48.0\"","service":"odoclone-API","timestamp":"2025-10-07T03:40:46.437Z"}
{"level":"error","message":"Error fetching devisItems: Error: Il n'y a aucune ligne dans ce devis !","service":"odoclone-API","timestamp":"2025-10-07T03:40:54.921Z"}
{"level":"info","message":"::1 - - [07/Oct/2025:03:40:54 +0000] \"GET /api/devisitem/all/0199bcb6-2979-7022-a0f1-cb0fe8e91e49 HTTP/1.1\" 400 78 \"-\" \"PostmanRuntime/7.48.0\"","service":"odoclone-API","timestamp":"2025-10-07T03:40:54.924Z"}
{"level":"info","message":"Devis items created successfully","service":"odoclone-API","timestamp":"2025-10-07T03:41:00.721Z"}
{"level":"info","message":"::1 - - [07/Oct/2025:03:41:00 +0000] \"POST /api/devisitem/add/0199bcb6-2979-7022-a0f1-cb0fe8e91e49 HTTP/1.1\" 201 358 \"-\" \"PostmanRuntime/7.48.0\"","service":"odoclone-API","timestamp":"2025-10-07T03:41:00.723Z"}
{"level":"info","message":"Devis items created successfully","service":"odoclone-API","timestamp":"2025-10-07T03:41:01.694Z"}
{"level":"info","message":"::1 - - [07/Oct/2025:03:41:01 +0000] \"POST /api/devisitem/add/0199bcb6-2979-7022-a0f1-cb0fe8e91e49 HTTP/1.1\" 201 358 \"-\" \"PostmanRuntime/7.48.0\"","service":"odoclone-API","timestamp":"2025-10-07T03:41:01.695Z"}
{"level":"info","message":"Devis items created successfully","service":"odoclone-API","timestamp":"2025-10-07T03:41:02.668Z"}
{"level":"info","message":"::1 - - [07/Oct/2025:03:41:02 +0000] \"POST /api/devisitem/add/0199bcb6-2979-7022-a0f1-cb0fe8e91e49 HTTP/1.1\" 201 358 \"-\" \"PostmanRuntime/7.48.0\"","service":"odoclone-API","timestamp":"2025-10-07T03:41:02.670Z"}
{"level":"info","message":"Devis items created successfully","service":"odoclone-API","timestamp":"2025-10-07T03:41:03.558Z"}
{"level":"info","message":"::1 - - [07/Oct/2025:03:41:03 +0000] \"POST /api/devisitem/add/0199bcb6-2979-7022-a0f1-cb0fe8e91e49 HTTP/1.1\" 201 358 \"-\" \"PostmanRuntime/7.48.0\"","service":"odoclone-API","timestamp":"2025-10-07T03:41:03.560Z"}
{"level":"info","message":"Devis were fetched successfully","service":"odoclone-API","timestamp":"2025-10-07T03:41:07.317Z"}
{"level":"info","message":"::1 - - [07/Oct/2025:03:41:07 +0000] \"GET /api/devis/0199bcb6-2979-7022-a0f1-cb0fe8e91e49 HTTP/1.1\" 200 903 \"-\" \"PostmanRuntime/7.48.0\"","service":"odoclone-API","timestamp":"2025-10-07T03:41:07.319Z"}
{"errorCode":"VALIDATION_ERROR","level":"error","message":"Error while deleting devis Ce devis n'existe pas dans notre base de données!","service":"odoclone-API","stack":"Error: Ce devis n'existe pas dans notre base de données!\n    at deleteDevis (file:///C:/Users/PC%20SERVICE%20TECHNIQUE/Documents/MEGA/LABDEV/OdoClone/backend/src/services/devis/deleteDevis.service.js:21:13)\n    at async file:///C:/Users/PC%20SERVICE%20TECHNIQUE/Documents/MEGA/LABDEV/OdoClone/backend/src/controllers/devis.controller.js:67:3\n    at async file:///C:/Users/PC%20SERVICE%20TECHNIQUE/Documents/MEGA/LABDEV/OdoClone/backend/src/middlewares/asyncHandler.middleware.js:3:5","statusCode":400,"timestamp":"2025-10-07T03:41:15.303Z"}
{"level":"info","message":"::1 - - [07/Oct/2025:03:41:15 +0000] \"DELETE /api/devis/delete/0199baea-bcf4-7473-80f0-2e52a2c9fcd5 HTTP/1.1\" 400 91 \"-\" \"PostmanRuntime/7.48.0\"","service":"odoclone-API","timestamp":"2025-10-07T03:41:15.305Z"}
{"level":"info","message":"Devis 0199bcb6-2979-7022-a0f1-cb0fe8e91e49 was deleted successfully","service":"odoclone-API","timestamp":"2025-10-07T03:41:22.434Z"}
{"level":"info","message":"::1 - - [07/Oct/2025:03:41:22 +0000] \"DELETE /api/devis/delete/0199bcb6-2979-7022-a0f1-cb0fe8e91e49 HTTP/1.1\" 200 53 \"-\" \"PostmanRuntime/7.48.0\"","service":"odoclone-API","timestamp":"2025-10-07T03:41:22.436Z"}
{"level":"error","message":"Error fetching devisItems: Error: Ce devis n'existe pas dans notre base de données!","service":"odoclone-API","timestamp":"2025-10-07T03:41:33.928Z"}
{"level":"info","message":"::1 - - [07/Oct/2025:03:41:33 +0000] \"GET /api/devisitem/all/0199bcb6-2979-7022-a0f1-cb0fe8e91e49 HTTP/1.1\" 400 91 \"-\" \"PostmanRuntime/7.48.0\"","service":"odoclone-API","timestamp":"2025-10-07T03:41:33.929Z"}
{"level":"error","message":"Error creating the devis: Error: Ce devis n'existe pas dans notre base de données!","service":"odoclone-API","timestamp":"2025-10-07T03:42:04.436Z"}
{"level":"info","message":"::1 - - [07/Oct/2025:03:42:04 +0000] \"POST /api/devisitem/add/0199bcb6-2979-7022-a0f1-cb0fe8e91e49 HTTP/1.1\" 400 91 \"-\" \"PostmanRuntime/7.48.0\"","service":"odoclone-API","timestamp":"2025-10-07T03:42:04.438Z"}
{"level":"info","message":"Devis created successfully","service":"odoclone-API","timestamp":"2025-10-07T03:42:09.334Z"}
{"level":"info","message":"::1 - - [07/Oct/2025:03:42:09 +0000] \"POST /api/devis/create/0199baa0-93ab-7d43-acbb-0bb2e98a6a6c HTTP/1.1\" 201 328 \"-\" \"PostmanRuntime/7.48.0\"","service":"odoclone-API","timestamp":"2025-10-07T03:42:09.335Z"}
{"level":"error","message":"Error creating the devis: Error: Ce devis n'existe pas dans notre base de données!","service":"odoclone-API","timestamp":"2025-10-07T03:42:14.664Z"}
{"level":"info","message":"::1 - - [07/Oct/2025:03:42:14 +0000] \"POST /api/devisitem/add/0199bcb6-2979-7022-a0f1-cb0fe8e91e49 HTTP/1.1\" 400 91 \"-\" \"PostmanRuntime/7.48.0\"","service":"odoclone-API","timestamp":"2025-10-07T03:42:14.666Z"}
{"level":"info","message":"Devis items created successfully","service":"odoclone-API","timestamp":"2025-10-07T03:42:41.964Z"}
{"level":"info","message":"::1 - - [07/Oct/2025:03:42:41 +0000] \"POST /api/devisitem/add/0199bcc3-23b4-7191-9331-05148d05f56d HTTP/1.1\" 201 358 \"-\" \"PostmanRuntime/7.48.0\"","service":"odoclone-API","timestamp":"2025-10-07T03:42:41.966Z"}
{"level":"info","message":"Devis items created successfully","service":"odoclone-API","timestamp":"2025-10-07T03:42:43.376Z"}
{"level":"info","message":"::1 - - [07/Oct/2025:03:42:43 +0000] \"POST /api/devisitem/add/0199bcc3-23b4-7191-9331-05148d05f56d HTTP/1.1\" 201 358 \"-\" \"PostmanRuntime/7.48.0\"","service":"odoclone-API","timestamp":"2025-10-07T03:42:43.377Z"}
{"level":"info","message":"Devis items created successfully","service":"odoclone-API","timestamp":"2025-10-07T03:42:44.445Z"}
{"level":"info","message":"::1 - - [07/Oct/2025:03:42:44 +0000] \"POST /api/devisitem/add/0199bcc3-23b4-7191-9331-05148d05f56d HTTP/1.1\" 201 358 \"-\" \"PostmanRuntime/7.48.0\"","service":"odoclone-API","timestamp":"2025-10-07T03:42:44.447Z"}
{"level":"info","message":"Devis items created successfully","service":"odoclone-API","timestamp":"2025-10-07T03:42:45.378Z"}
{"level":"info","message":"::1 - - [07/Oct/2025:03:42:45 +0000] \"POST /api/devisitem/add/0199bcc3-23b4-7191-9331-05148d05f56d HTTP/1.1\" 201 358 \"-\" \"PostmanRuntime/7.48.0\"","service":"odoclone-API","timestamp":"2025-10-07T03:42:45.379Z"}
{"level":"info","message":"Devis items created successfully","service":"odoclone-API","timestamp":"2025-10-07T03:42:46.280Z"}
{"level":"info","message":"::1 - - [07/Oct/2025:03:42:46 +0000] \"POST /api/devisitem/add/0199bcc3-23b4-7191-9331-05148d05f56d HTTP/1.1\" 201 358 \"-\" \"PostmanRuntime/7.48.0\"","service":"odoclone-API","timestamp":"2025-10-07T03:42:46.281Z"}
{"level":"info","message":"Devis items created successfully","service":"odoclone-API","timestamp":"2025-10-07T03:42:47.208Z"}
{"level":"info","message":"::1 - - [07/Oct/2025:03:42:47 +0000] \"POST /api/devisitem/add/0199bcc3-23b4-7191-9331-05148d05f56d HTTP/1.1\" 201 358 \"-\" \"PostmanRuntime/7.48.0\"","service":"odoclone-API","timestamp":"2025-10-07T03:42:47.209Z"}
{"level":"info","message":"Devis items created successfully","service":"odoclone-API","timestamp":"2025-10-07T03:42:48.146Z"}
{"level":"info","message":"::1 - - [07/Oct/2025:03:42:48 +0000] \"POST /api/devisitem/add/0199bcc3-23b4-7191-9331-05148d05f56d HTTP/1.1\" 201 358 \"-\" \"PostmanRuntime/7.48.0\"","service":"odoclone-API","timestamp":"2025-10-07T03:42:48.147Z"}
{"level":"info","message":"Devis items created successfully","service":"odoclone-API","timestamp":"2025-10-07T03:42:49.074Z"}
{"level":"info","message":"::1 - - [07/Oct/2025:03:42:49 +0000] \"POST /api/devisitem/add/0199bcc3-23b4-7191-9331-05148d05f56d HTTP/1.1\" 201 358 \"-\" \"PostmanRuntime/7.48.0\"","service":"odoclone-API","timestamp":"2025-10-07T03:42:49.075Z"}
{"level":"info","message":"Devis 0199bcc3-23b4-7191-9331-05148d05f56d was deleted successfully","service":"odoclone-API","timestamp":"2025-10-07T03:44:31.674Z"}
{"level":"info","message":"::1 - - [07/Oct/2025:03:44:31 +0000] \"DELETE /api/devis/delete/0199bcc3-23b4-7191-9331-05148d05f56d HTTP/1.1\" 200 53 \"-\" \"PostmanRuntime/7.48.0\"","service":"odoclone-API","timestamp":"2025-10-07T03:44:31.675Z"}
